[2026-06-10 21:40:58] start
[2026-06-10 21:40:58] keep-awake enabled with SetThreadExecutionState
[2026-06-10 21:40:58] connecting Chrome CDP: http://127.0.0.1:9222
[2026-06-10 21:40:58] opening profile 1/16: https://www.douyin.com/user/MS4wLjABAAAAIEt7WfONu-lR49CjabIol7PaCo7z10IOgTs5fZhYUWHfX6MFGe6c0OpapCeZnm5c
[2026-06-10 21:41:05] resolved profile URL: https://www.douyin.com/user/MS4wLjABAAAAIEt7WfONu-lR49CjabIol7PaCo7z10IOgTs5fZhYUWHfX6MFGe6c0OpapCeZnm5c
[2026-06-10 21:41:05] creator name: 雅婷（孕38周已生，男宝）
[2026-06-10 21:41:05] smart incremental window: new creator in index, fallback to full scan
[2026-06-10 21:41:05] profile declared total videos: 1152
[2026-06-10 21:41:05] profile scan round=1 videos=39
[2026-06-10 21:41:05] profile forward page scroll result={'tag': 'DIV', 'cls': 'parent-route-container tmAgOewN route-scroll-container LYhLJEMy', 'scrollTop': 1667, 'scrollHeight': 2594, 'clientHeight': 822, 'amount': 831}
[2026-06-10 21:41:05] humanize profile scan: sleep 6.8s
[2026-06-10 21:41:12] profile scan round=2 videos=110
[2026-06-10 21:41:12] profile forward page scroll result={'tag': 'DIV', 'cls': 'parent-route-container tmAgOewN route-scroll-container LYhLJEMy', 'scrollTop': 2658.5, 'scrollHeight': 5717, 'clientHeight': 822, 'amount': 760}
[2026-06-10 21:41:12] humanize profile scan: sleep 3.0s
[2026-06-10 21:41:17] profile scan round=3 videos=110
[2026-06-10 21:41:17] profile reverse page scroll result={'tag': 'DIV', 'cls': 'parent-route-container tmAgOewN route-scroll-container LYhLJEMy', 'scrollTop': 2978.5, 'scrollHeight': 5717, 'clientHeight': 822, 'amount': -638}
[2026-06-10 21:41:17] humanize profile reverse page scroll: sleep 4.5s
[2026-06-10 21:41:21] profile forward page scroll result={'tag': 'DIV', 'cls': 'parent-route-container tmAgOewN route-scroll-container LYhLJEMy', 'scrollTop': 4746.5, 'scrollHeight': 7278, 'clientHeight': 822, 'amount': 942}
[2026-06-10 21:41:21] humanize profile scan: sleep 7.3s
[2026-06-10 21:41:30] profile scan round=4 videos=182
[2026-06-10 21:41:30] profile forward page scroll result={'tag': 'DIV', 'cls': 'parent-route-container tmAgOewN route-scroll-container LYhLJEMy', 'scrollTop': 7344.5, 'scrollHeight': 8840, 'clientHeight': 822, 'amount': 1024}
[2026-06-10 21:41:30] humanize profile scan: sleep 5.9s
[2026-06-10 21:41:37] profile scan round=5 videos=218
[2026-06-10 21:41:37] profile forward page scroll result={'tag': 'DIV', 'cls': 'parent-route-container tmAgOewN route-scroll-container LYhLJEMy', 'scrollTop': 9153.5, 'scrollHeight': 10401, 'clientHeight': 822, 'amount': 887}
[2026-06-10 21:41:37] humanize profile scan: sleep 3.3s
[2026-06-10 21:41:41] profile scan round=6 videos=288
[2026-06-10 21:41:41] profile forward page scroll result={'tag': 'DIV', 'cls': 'parent-route-container tmAgOewN route-scroll-container LYhLJEMy', 'scrollTop': 11530, 'scrollHeight': 13264, 'clientHeight': 822, 'amount': 939}
[2026-06-10 21:41:41] humanize profile scan: sleep 6.2s
[2026-06-10 21:41:43] keep-awake enabled with SetThreadExecutionState
[2026-06-10 21:41:48] profile scan round=7 videos=324
[2026-06-10 21:41:48] profile forward page scroll result={'tag': 'DIV', 'cls': 'parent-route-container tmAgOewN route-scroll-container LYhLJEMy', 'scrollTop': 14003.5, 'scrollHeight': 14825, 'clientHeight': 822, 'amount': 839}
[2026-06-10 21:41:48] humanize profile scan: sleep 7.6s
[2026-06-10 21:41:57] profile scan round=8 videos=378
[2026-06-10 21:41:57] profile reverse page scroll result={'tag': 'DIV', 'cls': 'parent-route-container tmAgOewN route-scroll-container LYhLJEMy', 'scrollTop': 13530.5, 'scrollHeight': 17167, 'clientHeight': 822, 'amount': -732}
[2026-06-10 21:41:57] humanize profile reverse page scroll: sleep 3.4s
[2026-06-10 21:42:00] profile forward page scroll result={'tag': 'DIV', 'cls': 'parent-route-container tmAgOewN route-scroll-container LYhLJEMy', 'scrollTop': 14440.5, 'scrollHeight': 17167, 'clientHeight': 822, 'amount': 846}
[2026-06-10 21:42:00] humanize profile scan: sleep 7.6s
[2026-06-10 21:42:08] profile scan round=9 videos=378
[2026-06-10 21:42:08] profile reverse page scroll result={'tag': 'DIV', 'cls': 'parent-route-container tmAgOewN route-scroll-container LYhLJEMy', 'scrollTop': 13747.5, 'scrollHeight': 17167, 'clientHeight': 822, 'amount': -896}
[2026-06-10 21:42:08] humanize profile reverse page scroll: sleep 4.6s
[2026-06-10 21:42:12] profile forward page scroll result={'tag': 'DIV', 'cls': 'parent-route-container tmAgOewN route-scroll-container LYhLJEMy', 'scrollTop': 16606.5, 'scrollHeight': 18729, 'clientHeight': 822, 'amount': 942}
[2026-06-10 21:42:12] humanize profile scan: sleep 3.6s
[2026-06-10 21:42:17] profile scan round=10 videos=414
[2026-06-10 21:42:17] profile forward page scroll result={'tag': 'DIV', 'cls': 'parent-route-container tmAgOewN route-scroll-container LYhLJEMy', 'scrollTop': 17440.5, 'scrollHeight': 18729, 'clientHeight': 822, 'amount': 824}
[2026-06-10 21:42:17] humanize profile scan: sleep 8.9s
[2026-06-10 21:42:27] profile scan round=11 videos=504
[2026-06-10 21:42:27] profile reverse page scroll result={'tag': 'DIV', 'cls': 'parent-route-container tmAgOewN route-scroll-container LYhLJEMy', 'scrollTop': 18164.5, 'scrollHeight': 22633, 'clientHeight': 822, 'amount': -849}
[2026-06-10 21:42:27] humanize profile reverse page scroll: sleep 5.2s
[2026-06-10 21:42:28] keep-awake enabled with SetThreadExecutionState
[2026-06-10 21:42:32] profile forward page scroll result={'tag': 'DIV', 'cls': 'parent-route-container tmAgOewN route-scroll-container LYhLJEMy', 'scrollTop': 17581.5, 'scrollHeight': 22633, 'clientHeight': 822, 'amount': 950}
[2026-06-10 21:42:32] humanize profile scan: sleep 5.7s
[2026-06-10 21:42:38] profile scan round=12 videos=504
[2026-06-10 21:42:38] profile forward page scroll result={'tag': 'DIV', 'cls': 'parent-route-container tmAgOewN route-scroll-container LYhLJEMy', 'scrollTop': 20378.5, 'scrollHeight': 22633, 'clientHeight': 822, 'amount': 876}
[2026-06-10 21:42:38] humanize profile scan: sleep 7.6s
[2026-06-10 21:42:46] profile scan round=13 videos=504
[2026-06-10 21:42:46] profile reverse page scroll result={'tag': 'DIV', 'cls': 'parent-route-container tmAgOewN route-scroll-container LYhLJEMy', 'scrollTop': 20555.5, 'scrollHeight': 22633, 'clientHeight': 822, 'amount': -727}
[2026-06-10 21:42:46] humanize profile reverse page scroll: sleep 6.1s
[2026-06-10 21:42:52] profile forward page scroll result={'tag': 'DIV', 'cls': 'parent-route-container tmAgOewN route-scroll-container LYhLJEMy', 'scrollTop': 22557.5, 'scrollHeight': 24194, 'clientHeight': 822, 'amount': 1019}
[2026-06-10 21:42:52] humanize profile scan: sleep 7.3s
[2026-06-10 21:43:00] profile scan round=14 videos=594
[2026-06-10 21:43:01] profile forward page scroll result={'tag': 'DIV', 'cls': 'parent-route-container tmAgOewN route-scroll-container LYhLJEMy', 'scrollTop': 24302.5, 'scrollHeight': 26536, 'clientHeight': 822, 'amount': 923}
[2026-06-10 21:43:01] humanize profile scan: sleep 3.4s
[2026-06-10 21:43:04] profile scan round=15 videos=630
[2026-06-10 21:43:05] profile forward page scroll result={'tag': 'DIV', 'cls': 'parent-route-container tmAgOewN route-scroll-container LYhLJEMy', 'scrollTop': 25987.5, 'scrollHeight': 28098, 'clientHeight': 822, 'amount': 907}
[2026-06-10 21:43:05] humanize profile scan: sleep 7.5s
[2026-06-10 21:43:13] profile scan round=16 videos=702
[2026-06-10 21:43:13] profile forward page scroll result={'tag': 'DIV', 'cls': 'parent-route-container tmAgOewN route-scroll-container LYhLJEMy', 'scrollTop': 28709.5, 'scrollHeight': 31221, 'clientHeight': 822, 'amount': 918}
[2026-06-10 21:43:13] humanize profile scan: sleep 8.2s
[2026-06-10 21:43:13] keep-awake enabled with SetThreadExecutionState
[2026-06-10 21:43:21] profile scan round=17 videos=702
[2026-06-10 21:43:21] profile forward page scroll result={'tag': 'DIV', 'cls': 'parent-route-container tmAgOewN route-scroll-container LYhLJEMy', 'scrollTop': 29833.5, 'scrollHeight': 31221, 'clientHeight': 822, 'amount': 995}
[2026-06-10 21:43:21] humanize profile scan: sleep 5.8s
[2026-06-10 21:43:28] profile scan round=18 videos=738
[2026-06-10 21:43:28] profile forward page scroll result={'tag': 'DIV', 'cls': 'parent-route-container tmAgOewN route-scroll-container LYhLJEMy', 'scrollTop': 30825.5, 'scrollHeight': 32782, 'clientHeight': 822, 'amount': 967}
[2026-06-10 21:43:28] humanize profile scan: sleep 5.3s
[2026-06-10 21:43:34] profile scan round=19 videos=774
[2026-06-10 21:43:34] profile forward page scroll result={'tag': 'DIV', 'cls': 'parent-route-container tmAgOewN route-scroll-container LYhLJEMy', 'scrollTop': 33485.5, 'scrollHeight': 34343, 'clientHeight': 822, 'amount': 913}
[2026-06-10 21:43:34] humanize profile scan: sleep 5.7s
[2026-06-10 21:43:41] profile scan round=20 videos=864
[2026-06-10 21:43:41] profile forward page scroll result={'tag': 'DIV', 'cls': 'parent-route-container tmAgOewN route-scroll-container LYhLJEMy', 'scrollTop': 36443.5, 'scrollHeight': 38247, 'clientHeight': 822, 'amount': 960}
[2026-06-10 21:43:41] humanize profile scan: sleep 4.8s
[2026-06-10 21:43:46] profile scan round=21 videos=918
[2026-06-10 21:43:47] profile forward page scroll result={'tag': 'DIV', 'cls': 'parent-route-container tmAgOewN route-scroll-container LYhLJEMy', 'scrollTop': 37300.5, 'scrollHeight': 40589, 'clientHeight': 822, 'amount': 752}
[2026-06-10 21:43:47] humanize profile scan: sleep 7.4s
[2026-06-10 21:43:55] profile scan round=22 videos=954
[2026-06-10 21:43:55] profile reverse page scroll result={'tag': 'DIV', 'cls': 'parent-route-container tmAgOewN route-scroll-container LYhLJEMy', 'scrollTop': 38394.5, 'scrollHeight': 42151, 'clientHeight': 822, 'amount': -747}
[2026-06-10 21:43:55] humanize profile reverse page scroll: sleep 7.5s
[2026-06-10 21:43:58] keep-awake enabled with SetThreadExecutionState
[2026-06-10 21:44:02] profile forward page scroll result={'tag': 'DIV', 'cls': 'parent-route-container tmAgOewN route-scroll-container LYhLJEMy', 'scrollTop': 41290.5, 'scrollHeight': 42931, 'clientHeight': 822, 'amount': 991}
[2026-06-10 21:44:02] humanize profile scan: sleep 5.9s
[2026-06-10 21:44:10] profile scan round=23 videos=1044
[2026-06-10 21:44:10] profile reverse page scroll result={'tag': 'DIV', 'cls': 'parent-route-container tmAgOewN route-scroll-container LYhLJEMy', 'scrollTop': 42212.5, 'scrollHeight': 46054, 'clientHeight': 822, 'amount': -618}
[2026-06-10 21:44:10] humanize profile reverse page scroll: sleep 6.8s
[2026-06-10 21:44:17] profile forward page scroll result={'tag': 'DIV', 'cls': 'parent-route-container tmAgOewN route-scroll-container LYhLJEMy', 'scrollTop': 45043.5, 'scrollHeight': 47616, 'clientHeight': 822, 'amount': 1025}
[2026-06-10 21:44:17] humanize profile scan: sleep 8.0s
[2026-06-10 21:44:26] profile scan round=24 videos=1116
[2026-06-10 21:44:26] profile forward page scroll result={'tag': 'DIV', 'cls': 'parent-route-container tmAgOewN route-scroll-container LYhLJEMy', 'scrollTop': 46062.5, 'scrollHeight': 49177, 'clientHeight': 822, 'amount': 772}
[2026-06-10 21:44:26] humanize profile scan: sleep 5.9s
[2026-06-10 21:44:32] profile scan round=25 videos=1116
[2026-06-10 21:44:32] profile reverse page scroll result={'tag': 'DIV', 'cls': 'parent-route-container tmAgOewN route-scroll-container LYhLJEMy', 'scrollTop': 45326.5, 'scrollHeight': 49177, 'clientHeight': 822, 'amount': -802}
[2026-06-10 21:44:32] humanize profile reverse page scroll: sleep 7.0s
[2026-06-10 21:44:39] profile forward page scroll result={'tag': 'DIV', 'cls': 'parent-route-container tmAgOewN route-scroll-container LYhLJEMy', 'scrollTop': 46312.5, 'scrollHeight': 49177, 'clientHeight': 822, 'amount': 746}
[2026-06-10 21:44:39] humanize profile scan: sleep 6.0s
[2026-06-10 21:44:43] keep-awake enabled with SetThreadExecutionState
[2026-06-10 21:44:45] profile scan round=26 videos=1152
[2026-06-10 21:44:45] profile forward page scroll result={'tag': 'DIV', 'cls': 'parent-route-container tmAgOewN route-scroll-container LYhLJEMy', 'scrollTop': 49752.5, 'scrollHeight': 50711, 'clientHeight': 822, 'amount': 908}
[2026-06-10 21:44:45] humanize profile scan: sleep 3.5s
[2026-06-10 21:44:49] profile scan round=27 videos=1152
[2026-06-10 21:44:49] profile forward page scroll result={'tag': 'DIV', 'cls': 'parent-route-container tmAgOewN route-scroll-container LYhLJEMy', 'scrollTop': 49888.5, 'scrollHeight': 50711, 'clientHeight': 822, 'amount': 822}
[2026-06-10 21:44:49] humanize profile scan: sleep 6.5s
[2026-06-10 21:44:56] profile scan round=28 videos=1152
[2026-06-10 21:44:56] profile forward page scroll result={'tag': 'DIV', 'cls': 'parent-route-container tmAgOewN route-scroll-container LYhLJEMy', 'scrollTop': 49888.5, 'scrollHeight': 50711, 'clientHeight': 822, 'amount': 838}
[2026-06-10 21:44:56] humanize profile scan: sleep 6.4s
[2026-06-10 21:45:02] profile scan round=29 videos=1152
[2026-06-10 21:45:02] profile forward page scroll result={'tag': 'DIV', 'cls': 'parent-route-container tmAgOewN route-scroll-container LYhLJEMy', 'scrollTop': 49888.5, 'scrollHeight': 50711, 'clientHeight': 822, 'amount': 837}
[2026-06-10 21:45:02] humanize profile scan: sleep 7.1s
[2026-06-10 21:45:11] profile lazy-load kick result={'tag': 'DIV', 'cls': 'parent-route-container tmAgOewN route-scroll-container LYhLJEMy', 'scrollTop': 49888.5, 'scrollHeight': 50711, 'clientHeight': 822, 'amount': 945}
[2026-06-10 21:45:11] humanize profile lazy-load kick: sleep 8.0s
[2026-06-10 21:45:19] profile scan round=30 videos=1152
[2026-06-10 21:45:19] profile reverse page scroll result={'tag': 'DIV', 'cls': 'parent-route-container tmAgOewN route-scroll-container LYhLJEMy', 'scrollTop': 49023.5, 'scrollHeight': 50711, 'clientHeight': 822, 'amount': -865}
[2026-06-10 21:45:19] humanize profile reverse page scroll: sleep 8.1s
[2026-06-10 21:45:28] profile forward page scroll result={'tag': 'DIV', 'cls': 'parent-route-container tmAgOewN route-scroll-container LYhLJEMy', 'scrollTop': 49888.5, 'scrollHeight': 50711, 'clientHeight': 822, 'amount': 866}
[2026-06-10 21:45:28] humanize profile scan: sleep 7.1s
[2026-06-10 21:45:28] keep-awake enabled with SetThreadExecutionState
[2026-06-10 21:45:35] profile scan round=31 videos=1152
[2026-06-10 21:45:35] profile forward page scroll result={'tag': 'DIV', 'cls': 'parent-route-container tmAgOewN route-scroll-container LYhLJEMy', 'scrollTop': 49888.5, 'scrollHeight': 50711, 'clientHeight': 822, 'amount': 858}
[2026-06-10 21:45:35] humanize profile scan: sleep 3.2s
[2026-06-10 21:45:38] profile scan round=32 videos=1152
[2026-06-10 21:45:38] profile forward page scroll result={'tag': 'DIV', 'cls': 'parent-route-container tmAgOewN route-scroll-container LYhLJEMy', 'scrollTop': 49888.5, 'scrollHeight': 50711, 'clientHeight': 822, 'amount': 1020}
[2026-06-10 21:45:38] humanize profile scan: sleep 7.6s
[2026-06-10 21:45:46] profile scan round=33 videos=1152
[2026-06-10 21:45:46] profile forward page scroll result={'tag': 'DIV', 'cls': 'parent-route-container tmAgOewN route-scroll-container LYhLJEMy', 'scrollTop': 49888.5, 'scrollHeight': 50711, 'clientHeight': 822, 'amount': 857}
[2026-06-10 21:45:46] humanize profile scan: sleep 7.2s
[2026-06-10 21:45:55] profile lazy-load kick result={'tag': 'DIV', 'cls': 'parent-route-container tmAgOewN route-scroll-container LYhLJEMy', 'scrollTop': 49888.5, 'scrollHeight': 50711, 'clientHeight': 822, 'amount': 945}
[2026-06-10 21:45:55] humanize profile lazy-load kick: sleep 8.0s
[2026-06-10 21:46:04] profile scan round=34 videos=1152
[2026-06-10 21:46:04] profile forward page scroll result={'tag': 'DIV', 'cls': 'parent-route-container tmAgOewN route-scroll-container LYhLJEMy', 'scrollTop': 49888.5, 'scrollHeight': 50711, 'clientHeight': 822, 'amount': 1002}
[2026-06-10 21:46:04] humanize profile scan: sleep 5.0s
[2026-06-10 21:46:09] profile scan round=35 videos=1152
[2026-06-10 21:46:09] profile reverse page scroll result={'tag': 'DIV', 'cls': 'parent-route-container tmAgOewN route-scroll-container LYhLJEMy', 'scrollTop': 48996.5, 'scrollHeight': 50711, 'clientHeight': 822, 'amount': -892}
[2026-06-10 21:46:09] humanize profile reverse page scroll: sleep 5.1s
[2026-06-10 21:46:13] keep-awake enabled with SetThreadExecutionState
[2026-06-10 21:46:14] profile forward page scroll result={'tag': 'DIV', 'cls': 'parent-route-container tmAgOewN route-scroll-container LYhLJEMy', 'scrollTop': 49888.5, 'scrollHeight': 50711, 'clientHeight': 822, 'amount': 775}
[2026-06-10 21:46:14] humanize profile scan: sleep 6.7s
[2026-06-10 21:46:21] profile scan round=36 videos=1152
[2026-06-10 21:46:21] profile forward page scroll result={'tag': 'DIV', 'cls': 'parent-route-container tmAgOewN route-scroll-container LYhLJEMy', 'scrollTop': 49888.5, 'scrollHeight': 50711, 'clientHeight': 822, 'amount': 746}
[2026-06-10 21:46:21] humanize profile scan: sleep 3.7s
[2026-06-10 21:46:25] profile scan round=37 videos=1152
[2026-06-10 21:46:25] profile reverse page scroll result={'tag': 'DIV', 'cls': 'parent-route-container tmAgOewN route-scroll-container LYhLJEMy', 'scrollTop': 49153.5, 'scrollHeight': 50711, 'clientHeight': 822, 'amount': -735}
[2026-06-10 21:46:25] humanize profile reverse page scroll: sleep 7.3s
[2026-06-10 21:46:32] profile forward page scroll result={'tag': 'DIV', 'cls': 'parent-route-container route-scroll-container LYhLJEMy', 'scrollTop': 808, 'scrollHeight': 1787, 'clientHeight': 766, 'amount': 808}
[2026-06-10 21:46:32] humanize profile scan: sleep 7.3s
[2026-06-10 21:46:40] profile scan round=38 videos=1224
[2026-06-10 21:46:40] profile forward page scroll result={'tag': 'DIV', 'cls': 'parent-route-container tmAgOewN route-scroll-container LYhLJEMy', 'scrollTop': 1688, 'scrollHeight': 3895, 'clientHeight': 822, 'amount': 957}
[2026-06-10 21:46:40] humanize profile scan: sleep 6.6s
[2026-06-10 21:46:48] profile scan round=39 videos=1224
[2026-06-10 21:46:48] profile forward page scroll result={'tag': 'DIV', 'cls': 'parent-route-container tmAgOewN route-scroll-container LYhLJEMy', 'scrollTop': 1824, 'scrollHeight': 3895, 'clientHeight': 822, 'amount': 1006}
[2026-06-10 21:46:48] humanize profile scan: sleep 8.1s
[2026-06-10 21:46:56] profile scan round=40 videos=1224
[2026-06-10 21:46:56] profile forward page scroll result={'tag': 'HTML', 'cls': '', 'scrollTop': 0, 'scrollHeight': 822, 'clientHeight': 822, 'amount': 955}
[2026-06-10 21:46:56] humanize profile scan: sleep 6.4s
[2026-06-10 21:46:58] keep-awake enabled with SetThreadExecutionState
[2026-06-10 21:47:03] profile scan round=41 videos=1234
[2026-06-10 21:47:03] profile forward page scroll result={'tag': 'DIV', 'cls': 'parent-route-container route-scroll-container LYhLJEMy', 'scrollTop': 920, 'scrollHeight': 1787, 'clientHeight': 766, 'amount': 920}
[2026-06-10 21:47:03] humanize profile scan: sleep 6.4s
[2026-06-10 21:47:12] profile lazy-load kick result={'tag': 'DIV', 'cls': 'parent-route-container tmAgOewN route-scroll-container LYhLJEMy', 'scrollTop': 3854, 'scrollHeight': 4676, 'clientHeight': 822, 'amount': 945}
[2026-06-10 21:47:12] humanize profile lazy-load kick: sleep 4.7s
[2026-06-10 21:47:19] profile scan round=42 videos=1306
[2026-06-10 21:47:19] profile reverse page scroll result={'tag': 'DIV', 'cls': 'parent-route-container tmAgOewN route-scroll-container LYhLJEMy', 'scrollTop': 3666, 'scrollHeight': 7018, 'clientHeight': 822, 'amount': -883}
[2026-06-10 21:47:19] humanize profile reverse page scroll: sleep 6.5s
[2026-06-10 21:47:26] profile forward page scroll result=TypeError: Cannot read properties of null (reading 'clientHeight')
    at <anonymous>:11:40
    at <anonymous>:23:3
[2026-06-10 21:47:26] humanize profile scan: sleep 3.9s
[2026-06-10 21:47:30] profile scan round=43 videos=1310
[2026-06-10 21:47:30] profile reverse page scroll result={'tag': 'DIV', 'cls': 'parent-route-container route-scroll-container LYhLJEMy', 'scrollTop': 0, 'scrollHeight': 1787, 'clientHeight': 766, 'amount': -796}
[2026-06-10 21:47:30] humanize profile reverse page scroll: sleep 3.4s
[2026-06-10 21:47:34] profile forward page scroll result={'tag': 'DIV', 'cls': 'parent-route-container tmAgOewN route-scroll-container LYhLJEMy', 'scrollTop': 58, 'scrollHeight': 880, 'clientHeight': 822, 'amount': 936}
[2026-06-10 21:47:34] humanize profile scan: sleep 7.9s
[2026-06-10 21:47:42] profile scan round=44 videos=1313
[2026-06-10 21:47:42] profile reverse page scroll result={'tag': 'DIV', 'cls': 'parent-route-container route-scroll-container LYhLJEMy', 'scrollTop': 0, 'scrollHeight': 1787, 'clientHeight': 766, 'amount': -724}
[2026-06-10 21:47:42] humanize profile reverse page scroll: sleep 5.8s
[2026-06-10 21:47:43] keep-awake enabled with SetThreadExecutionState
[2026-06-10 21:47:48] profile forward page scroll result={'tag': 'DIV', 'cls': 'parent-route-container route-scroll-container LYhLJEMy', 'scrollTop': 187, 'scrollHeight': 953, 'clientHeight': 766, 'amount': 722}
[2026-06-10 21:47:48] humanize profile scan: sleep 3.5s
[2026-06-10 21:47:52] profile scan round=45 videos=1320
[2026-06-10 21:47:52] profile forward page scroll result={'tag': 'DIV', 'cls': 'parent-route-container route-scroll-container LYhLJEMy', 'scrollTop': 2161, 'scrollHeight': 2927, 'clientHeight': 766, 'amount': 823}
[2026-06-10 21:47:52] humanize profile scan: sleep 6.4s
[2026-06-10 21:48:01] profile lazy-load kick result={'tag': 'DIV', 'cls': 'parent-route-container tmAgOewN route-scroll-container LYhLJEMy', 'scrollTop': 4634.5, 'scrollHeight': 5457, 'clientHeight': 822, 'amount': 945}
[2026-06-10 21:48:01] humanize profile lazy-load kick: sleep 4.6s
[2026-06-10 21:48:08] profile scan round=46 videos=1320
[2026-06-10 21:48:08] profile forward page scroll result={'tag': 'DIV', 'cls': 'parent-route-container route-scroll-container LYhLJEMy', 'scrollTop': 0, 'scrollHeight': 766, 'clientHeight': 766, 'amount': 764}
[2026-06-10 21:48:08] humanize profile scan: sleep 5.5s
[2026-06-10 21:48:13] profile scan round=47 videos=1321
[2026-06-10 21:48:13] profile reverse page scroll result={'tag': 'DIV', 'cls': 'parent-route-container route-scroll-container LYhLJEMy', 'scrollTop': 0, 'scrollHeight': 1787, 'clientHeight': 766, 'amount': -768}
[2026-06-10 21:48:13] humanize profile reverse page scroll: sleep 6.8s
[2026-06-10 21:48:20] profile forward page scroll result={'tag': 'DIV', 'cls': 'parent-route-container tmAgOewN route-scroll-container LYhLJEMy', 'scrollTop': 731, 'scrollHeight': 1553, 'clientHeight': 822, 'amount': 877}
[2026-06-10 21:48:20] humanize profile scan: sleep 7.5s
[2026-06-10 21:48:28] keep-awake enabled with SetThreadExecutionState
[2026-06-10 21:48:29] profile scan round=48 videos=1321
[2026-06-10 21:48:29] profile forward page scroll result={'tag': 'BODY', 'cls': '', 'scrollTop': 0, 'scrollHeight': 822, 'clientHeight': 822, 'amount': 775}
[2026-06-10 21:48:29] humanize profile scan: sleep 8.1s
[2026-06-10 21:48:42] profile scan round=49 videos=1321
[2026-06-10 21:48:42] profile reverse page scroll result={'tag': 'DIV', 'cls': 'parent-route-container tmAgOewN route-scroll-container LYhLJEMy', 'scrollTop': 0, 'scrollHeight': 3114, 'clientHeight': 822, 'amount': -809}
[2026-06-10 21:48:42] humanize profile reverse page scroll: sleep 9.0s
[2026-06-10 21:48:51] profile forward page scroll result={'tag': 'DIV', 'cls': 'parent-route-container route-scroll-container LYhLJEMy', 'scrollTop': 710.5, 'scrollHeight': 1477, 'clientHeight': 766, 'amount': 745}
[2026-06-10 21:48:51] humanize profile scan: sleep 7.8s
[2026-06-10 21:49:06] profile lazy-load kick result={'tag': 'DIV', 'cls': 'parent-route-container tmAgOewN route-scroll-container LYhLJEMy', 'scrollTop': 3854, 'scrollHeight': 4676, 'clientHeight': 822, 'amount': 945}
[2026-06-10 21:49:06] humanize profile lazy-load kick: sleep 6.4s
[2026-06-10 21:49:14] keep-awake enabled with SetThreadExecutionState
[2026-06-10 21:49:15] incremental skipped existing videos: 726
[2026-06-10 21:49:15] collected video cards: 595
[2026-06-10 21:49:15] collecting profile 1/16 video 1/595: 7649436218485268073
[2026-06-10 21:49:15] humanize before opening video: sleep 5.3s
[2026-06-10 21:49:23] humanize video reading: sleep 4.2s
[2026-06-10 21:49:28] video 1 rows=1 status=ok_no_product_detected
[2026-06-10 21:49:28] checkpoint wrote Excel rows=1: C:\Users\Junzhang\Desktop\全自动混剪项目升级版\douyin_creator_tracker\outputs\douyin_supplement_skip_current_20260610_214058.xlsx
[2026-06-10 21:49:28] collecting profile 1/16 video 2/595: 7649433765156095722
[2026-06-10 21:49:31] profile idle scroll 1/2: TypeError: Cannot read properties of null (reading 'clientHeight')
    at <anonymous>:11:40
    at <anonymous>:23:3
[2026-06-10 21:49:31] humanize profile idle scroll 1/2: sleep 7.2s
[2026-06-10 21:49:38] profile idle scroll 2/2: {'tag': 'DIV', 'cls': 'parent-route-container tmAgOewN route-scroll-container LYhLJEMy', 'scrollTop': 0, 'scrollHeight': 1553, 'clientHeight': 822, 'amount': -892}
[2026-06-10 21:49:38] humanize profile idle scroll 2/2: sleep 4.7s
[2026-06-10 21:49:42] humanize before opening video: sleep 4.2s
[2026-06-10 21:49:49] humanize video reading: sleep 3.9s
[2026-06-10 21:49:57] video 2 rows=1 status=partial_product_not_exposed
[2026-06-10 21:49:57] checkpoint wrote Excel rows=2: C:\Users\Junzhang\Desktop\全自动混剪项目升级版\douyin_creator_tracker\outputs\douyin_supplement_skip_current_20260610_214058.xlsx
[2026-06-10 21:49:57] collecting profile 1/16 video 3/595: 7649426568582571190
[2026-06-10 21:49:59] keep-awake enabled with SetThreadExecutionState
[2026-06-10 21:50:00] profile idle scroll 1/1: {'tag': 'DIV', 'cls': 'parent-route-container tmAgOewN route-scroll-container LYhLJEMy', 'scrollTop': 831, 'scrollHeight': 1813, 'clientHeight': 822, 'amount': 831}
[2026-06-10 21:50:00] humanize profile idle scroll 1/1: sleep 5.3s
[2026-06-10 21:50:05] humanize before opening video: sleep 8.6s
[2026-06-10 21:50:16] humanize video reading: sleep 4.7s
[2026-06-10 21:50:24] video 3 rows=1 status=partial_product_not_exposed
[2026-06-10 21:50:24] checkpoint wrote Excel rows=3: C:\Users\Junzhang\Desktop\全自动混剪项目升级版\douyin_creator_tracker\outputs\douyin_supplement_skip_current_20260610_214058.xlsx
[2026-06-10 21:50:24] collecting profile 1/16 video 4/595: 7649416114016262564
[2026-06-10 21:50:27] profile idle scroll 1/3: {'tag': 'DIV', 'cls': 'parent-route-container tmAgOewN route-scroll-container LYhLJEMy', 'scrollTop': 829, 'scrollHeight': 1813, 'clientHeight': 822, 'amount': 829}
[2026-06-10 21:50:27] humanize profile idle scroll 1/3: sleep 4.7s
[2026-06-10 21:50:32] profile idle scroll 2/3: {'tag': 'DIV', 'cls': 'parent-route-container tmAgOewN route-scroll-container LYhLJEMy', 'scrollTop': 1655, 'scrollHeight': 3375, 'clientHeight': 822, 'amount': 826}
[2026-06-10 21:50:32] humanize profile idle scroll 2/3: sleep 3.4s
[2026-06-10 21:50:35] profile idle scroll 3/3: {'tag': 'DIV', 'cls': 'parent-route-container tmAgOewN route-scroll-container LYhLJEMy', 'scrollTop': 2424, 'scrollHeight': 4936, 'clientHeight': 822, 'amount': 769}
[2026-06-10 21:50:35] humanize profile idle scroll 3/3: sleep 9.0s
[2026-06-10 21:50:44] keep-awake enabled with SetThreadExecutionState
[2026-06-10 21:50:44] humanize before opening video: sleep 6.1s
[2026-06-10 21:50:53] humanize video reading: sleep 4.3s
[2026-06-10 21:50:58] video 4 rows=1 status=ok
[2026-06-10 21:50:58] checkpoint wrote Excel rows=4: C:\Users\Junzhang\Desktop\全自动混剪项目升级版\douyin_creator_tracker\outputs\douyin_supplement_skip_current_20260610_214058.xlsx
[2026-06-10 21:50:58] collecting profile 1/16 video 5/595: 7649329560581185449
[2026-06-10 21:51:02] profile idle scroll 1/1: {'tag': 'DIV', 'cls': 'parent-route-container tmAgOewN route-scroll-container LYhLJEMy', 'scrollTop': 0, 'scrollHeight': 2594, 'clientHeight': 822, 'amount': -896}
[2026-06-10 21:51:02] humanize profile idle scroll 1/1: sleep 5.1s
[2026-06-10 21:51:07] humanize before opening video: sleep 6.8s
[2026-06-10 21:51:16] humanize video reading: sleep 4.2s
[2026-06-10 21:51:22] video 5 rows=1 status=partial_product_not_exposed
[2026-06-10 21:51:22] checkpoint wrote Excel rows=5: C:\Users\Junzhang\Desktop\全自动混剪项目升级版\douyin_creator_tracker\outputs\douyin_supplement_skip_current_20260610_214058.xlsx
[2026-06-10 21:51:22] collecting profile 1/16 video 6/595: 7649337740584473067
[2026-06-10 21:51:25] profile idle scroll 1/3: {'tag': 'DIV', 'cls': 'parent-route-container tmAgOewN route-scroll-container LYhLJEMy', 'scrollTop': 706, 'scrollHeight': 1813, 'clientHeight': 822, 'amount': 706}
[2026-06-10 21:51:25] humanize profile idle scroll 1/3: sleep 8.6s
[2026-06-10 21:51:29] keep-awake enabled with SetThreadExecutionState
[2026-06-10 21:51:34] profile idle scroll 2/3: {'tag': 'DIV', 'cls': 'parent-route-container tmAgOewN route-scroll-container LYhLJEMy', 'scrollTop': 254, 'scrollHeight': 1076, 'clientHeight': 822, 'amount': 884}
[2026-06-10 21:51:34] humanize profile idle scroll 2/3: sleep 3.3s
[2026-06-10 21:51:37] profile idle scroll 3/3: {'tag': 'DIV', 'cls': 'parent-route-container tmAgOewN route-scroll-container LYhLJEMy', 'scrollTop': 0, 'scrollHeight': 3895, 'clientHeight': 822, 'amount': -955}
[2026-06-10 21:51:37] humanize profile idle scroll 3/3: sleep 6.4s
[2026-06-10 21:51:43] humanize before opening video: sleep 3.4s
[2026-06-10 21:51:51] humanize video reading: sleep 3.3s
[2026-06-10 21:51:54] video 6 rows=1 status=ok
[2026-06-10 21:51:54] checkpoint wrote Excel rows=6: C:\Users\Junzhang\Desktop\全自动混剪项目升级版\douyin_creator_tracker\outputs\douyin_supplement_skip_current_20260610_214058.xlsx
[2026-06-10 21:51:54] collecting profile 1/16 video 7/595: 7649013545573599350
[2026-06-10 21:51:58] profile idle scroll 1/3: {'tag': 'DIV', 'cls': 'parent-route-container route-scroll-container LYhLJEMy', 'scrollTop': 187, 'scrollHeight': 953, 'clientHeight': 766, 'amount': 874}
[2026-06-10 21:51:58] humanize profile idle scroll 1/3: sleep 4.4s
[2026-06-10 21:52:02] profile idle scroll 2/3: {'tag': 'DIV', 'cls': 'parent-route-container route-scroll-container LYhLJEMy', 'scrollTop': 0, 'scrollHeight': 1787, 'clientHeight': 766, 'amount': -893}
[2026-06-10 21:52:02] humanize profile idle scroll 2/3: sleep 4.4s
[2026-06-10 21:52:06] profile idle scroll 3/3: {'tag': 'DIV', 'cls': 'parent-route-container tmAgOewN route-scroll-container LYhLJEMy', 'scrollTop': 0, 'scrollHeight': 3114, 'clientHeight': 822, 'amount': -738}
[2026-06-10 21:52:06] humanize profile idle scroll 3/3: sleep 7.3s
[2026-06-10 21:52:14] keep-awake enabled with SetThreadExecutionState
[2026-06-10 21:52:14] humanize before opening video: sleep 8.3s
[2026-06-10 21:52:25] humanize video reading: sleep 4.6s
[2026-06-10 21:52:30] video 7 rows=1 status=partial_product_not_exposed
[2026-06-10 21:52:30] checkpoint wrote Excel rows=7: C:\Users\Junzhang\Desktop\全自动混剪项目升级版\douyin_creator_tracker\outputs\douyin_supplement_skip_current_20260610_214058.xlsx
[2026-06-10 21:52:30] collecting profile 1/16 video 8/595: 7649004543737820585
[2026-06-10 21:52:33] profile idle scroll 1/1: {'tag': 'DIV', 'cls': 'parent-route-container tmAgOewN route-scroll-container LYhLJEMy', 'scrollTop': 0, 'scrollHeight': 1795, 'clientHeight': 822, 'amount': -978}
[2026-06-10 21:52:33] humanize profile idle scroll 1/1: sleep 5.9s
[2026-06-10 21:52:39] humanize profile idle reading: sleep 4.8s
[2026-06-10 21:52:44] humanize before opening video: sleep 7.8s
[2026-06-10 21:52:55] humanize video reading: sleep 3.2s
[2026-06-10 21:52:59] video 8 rows=1 status=ok
[2026-06-10 21:52:59] keep-awake enabled with SetThreadExecutionState
[2026-06-10 21:52:59] checkpoint wrote Excel rows=8: C:\Users\Junzhang\Desktop\全自动混剪项目升级版\douyin_creator_tracker\outputs\douyin_supplement_skip_current_20260610_214058.xlsx
[2026-06-10 21:52:59] collecting profile 1/16 video 9/595: 7648920007481496507
[2026-06-10 21:53:03] profile idle scroll 1/2: {'tag': 'DIV', 'cls': 'parent-route-container route-scroll-container LYhLJEMy', 'scrollTop': 0, 'scrollHeight': 1477, 'clientHeight': 766, 'amount': -750}
[2026-06-10 21:53:03] humanize profile idle scroll 1/2: sleep 3.3s
[2026-06-10 21:53:06] profile idle scroll 2/2: {'tag': 'DIV', 'cls': 'parent-route-container route-scroll-container LYhLJEMy', 'scrollTop': 91, 'scrollHeight': 857, 'clientHeight': 766, 'amount': 909}
[2026-06-10 21:53:06] humanize profile idle scroll 2/2: sleep 7.8s
[2026-06-10 21:53:14] humanize before opening video: sleep 5.8s
[2026-06-10 21:53:23] humanize video reading: sleep 3.2s
[2026-06-10 21:53:29] video 9 rows=1 status=partial_product_not_exposed
[2026-06-10 21:53:29] checkpoint wrote Excel rows=9: C:\Users\Junzhang\Desktop\全自动混剪项目升级版\douyin_creator_tracker\outputs\douyin_supplement_skip_current_20260610_214058.xlsx
[2026-06-10 21:53:29] collecting profile 1/16 video 10/595: 7648674729017528426
[2026-06-10 21:53:32] profile idle scroll 1/2: {'tag': 'DIV', 'cls': 'parent-route-container tmAgOewN route-scroll-container LYhLJEMy', 'scrollTop': 700, 'scrollHeight': 2594, 'clientHeight': 822, 'amount': 700}
[2026-06-10 21:53:32] humanize profile idle scroll 1/2: sleep 8.9s
[2026-06-10 21:53:41] profile idle scroll 2/2: {'tag': 'DIV', 'cls': 'parent-route-container tmAgOewN route-scroll-container LYhLJEMy', 'scrollTop': 731, 'scrollHeight': 1553, 'clientHeight': 822, 'amount': 973}
[2026-06-10 21:53:41] humanize profile idle scroll 2/2: sleep 3.1s
[2026-06-10 21:53:44] keep-awake enabled with SetThreadExecutionState
[2026-06-10 21:53:45] humanize profile idle reading: sleep 4.0s
[2026-06-10 21:53:49] humanize before opening video: sleep 6.9s
[2026-06-10 21:53:59] humanize video reading: sleep 3.5s
[2026-06-10 21:54:05] video 10 rows=1 status=partial_product_not_exposed
[2026-06-10 21:54:05] checkpoint wrote Excel rows=10: C:\Users\Junzhang\Desktop\全自动混剪项目升级版\douyin_creator_tracker\outputs\douyin_supplement_skip_current_20260610_214058.xlsx
[2026-06-10 21:54:05] collecting profile 1/16 video 11/595: 7648640699533900115
[2026-06-10 21:54:08] profile idle scroll 1/3: {'tag': 'BODY', 'cls': '', 'scrollTop': 0, 'scrollHeight': 822, 'clientHeight': 822, 'amount': 767}
[2026-06-10 21:54:08] humanize profile idle scroll 1/3: sleep 8.4s
[2026-06-10 21:54:17] profile idle scroll 2/3: TypeError: Cannot read properties of null (reading 'clientHeight')
    at <anonymous>:11:40
    at <anonymous>:23:3
[2026-06-10 21:54:17] humanize profile idle scroll 2/3: sleep 6.0s
[2026-06-10 21:54:23] profile idle scroll 3/3: {'tag': 'DIV', 'cls': 'parent-route-container tmAgOewN route-scroll-container LYhLJEMy', 'scrollTop': 1432, 'scrollHeight': 3114, 'clientHeight': 822, 'amount': 701}
[2026-06-10 21:54:23] humanize profile idle scroll 3/3: sleep 5.8s
[2026-06-10 21:54:29] keep-awake enabled with SetThreadExecutionState
[2026-06-10 21:54:29] humanize before opening video: sleep 4.7s
[2026-06-10 21:54:36] humanize video reading: sleep 4.8s
[2026-06-10 21:54:48] video 11 rows=1 status=ok_no_product_detected
[2026-06-10 21:54:48] checkpoint wrote Excel rows=11: C:\Users\Junzhang\Desktop\全自动混剪项目升级版\douyin_creator_tracker\outputs\douyin_supplement_skip_current_20260610_214058.xlsx
[2026-06-10 21:54:48] collecting profile 1/16 video 12/595: 7648585548702369898
[2026-06-10 21:54:51] profile idle scroll 1/2: {'tag': 'DIV', 'cls': 'parent-route-container tmAgOewN route-scroll-container LYhLJEMy', 'scrollTop': 677, 'scrollHeight': 1813, 'clientHeight': 822, 'amount': 677}
[2026-06-10 21:54:51] humanize profile idle scroll 1/2: sleep 3.9s
[2026-06-10 21:54:54] profile idle scroll 2/2: {'tag': 'DIV', 'cls': 'parent-route-container tmAgOewN route-scroll-container LYhLJEMy', 'scrollTop': 1470, 'scrollHeight': 2334, 'clientHeight': 822, 'amount': 739}
[2026-06-10 21:54:54] humanize profile idle scroll 2/2: sleep 7.8s
[2026-06-10 21:55:02] humanize profile idle reading: sleep 3.6s
[2026-06-10 21:55:06] humanize before opening video: sleep 6.2s
[2026-06-10 21:55:14] keep-awake enabled with SetThreadExecutionState
[2026-06-10 21:55:15] humanize video reading: sleep 3.7s
[2026-06-10 21:55:20] video 12 rows=1 status=partial_product_not_exposed
[2026-06-10 21:55:20] checkpoint wrote Excel rows=12: C:\Users\Junzhang\Desktop\全自动混剪项目升级版\douyin_creator_tracker\outputs\douyin_supplement_skip_current_20260610_214058.xlsx
[2026-06-10 21:55:20] collecting profile 1/16 video 13/595: 7648580949714761654
[2026-06-10 21:55:22] profile idle scroll 1/3: {'tag': 'DIV', 'cls': 'parent-route-container tmAgOewN route-scroll-container LYhLJEMy', 'scrollTop': 0, 'scrollHeight': 1058, 'clientHeight': 822, 'amount': -892}
[2026-06-10 21:55:22] humanize profile idle scroll 1/3: sleep 8.3s
[2026-06-10 21:55:30] profile idle scroll 2/3: {'tag': 'DIV', 'cls': 'parent-route-container tmAgOewN route-scroll-container LYhLJEMy', 'scrollTop': 254, 'scrollHeight': 1076, 'clientHeight': 822, 'amount': 863}
[2026-06-10 21:55:30] humanize profile idle scroll 2/3: sleep 6.5s
[2026-06-10 21:55:37] profile idle scroll 3/3: {'tag': 'DIV', 'cls': 'parent-route-container tmAgOewN route-scroll-container LYhLJEMy', 'scrollTop': 752, 'scrollHeight': 3114, 'clientHeight': 822, 'amount': -744}
[2026-06-10 21:55:37] humanize profile idle scroll 3/3: sleep 4.5s
[2026-06-10 21:55:41] humanize before opening video: sleep 4.6s
[2026-06-10 21:55:49] humanize video reading: sleep 3.7s
[2026-06-10 21:55:56] video 13 rows=1 status=partial_product_not_exposed
[2026-06-10 21:55:56] checkpoint wrote Excel rows=13: C:\Users\Junzhang\Desktop\全自动混剪项目升级版\douyin_creator_tracker\outputs\douyin_supplement_skip_current_20260610_214058.xlsx
[2026-06-10 21:55:56] collecting profile 1/16 video 14/595: 7648248551956574198
[2026-06-10 21:55:59] keep-awake enabled with SetThreadExecutionState
[2026-06-10 21:55:59] profile idle scroll 1/3: {'tag': 'DIV', 'cls': 'parent-route-container tmAgOewN route-scroll-container LYhLJEMy', 'scrollTop': 875, 'scrollHeight': 1813, 'clientHeight': 822, 'amount': 875}
[2026-06-10 21:55:59] humanize profile idle scroll 1/3: sleep 8.7s
[2026-06-10 21:56:08] profile idle scroll 2/3: {'tag': 'DIV', 'cls': 'parent-route-container tmAgOewN route-scroll-container LYhLJEMy', 'scrollTop': 0, 'scrollHeight': 980, 'clientHeight': 822, 'amount': -827}
[2026-06-10 21:56:08] humanize profile idle scroll 2/3: sleep 3.1s
[2026-06-10 21:56:11] profile idle scroll 3/3: {'tag': 'DIV', 'cls': 'parent-route-container route-scroll-container LYhLJEMy', 'scrollTop': 0, 'scrollHeight': 1501, 'clientHeight': 766, 'amount': -904}
[2026-06-10 21:56:11] humanize profile idle scroll 3/3: sleep 6.2s
[2026-06-10 21:56:18] humanize before opening video: sleep 8.9s
[2026-06-10 21:56:30] humanize video reading: sleep 3.0s
[2026-06-10 21:56:34] video 14 rows=1 status=partial_product_not_exposed
[2026-06-10 21:56:34] checkpoint wrote Excel rows=14: C:\Users\Junzhang\Desktop\全自动混剪项目升级版\douyin_creator_tracker\outputs\douyin_supplement_skip_current_20260610_214058.xlsx
[2026-06-10 21:56:34] collecting profile 1/16 video 15/595: 7648242222198313578
[2026-06-10 21:56:37] profile idle scroll 1/2: {'tag': 'DIV', 'cls': 'parent-route-container tmAgOewN route-scroll-container LYhLJEMy', 'scrollTop': 0, 'scrollHeight': 1813, 'clientHeight': 822, 'amount': -918}
[2026-06-10 21:56:37] humanize profile idle scroll 1/2: sleep 5.1s
[2026-06-10 21:56:43] profile idle scroll 2/2: {'tag': 'BODY', 'cls': '', 'scrollTop': 0, 'scrollHeight': 822, 'clientHeight': 822, 'amount': -858}
[2026-06-10 21:56:43] humanize profile idle scroll 2/2: sleep 7.4s
[2026-06-10 21:56:44] keep-awake enabled with SetThreadExecutionState
[2026-06-10 21:56:50] humanize before opening video: sleep 8.9s
[2026-06-10 21:57:02] humanize video reading: sleep 3.7s
[2026-06-10 21:57:07] video 15 rows=1 status=partial_product_not_exposed
[2026-06-10 21:57:07] checkpoint wrote Excel rows=15: C:\Users\Junzhang\Desktop\全自动混剪项目升级版\douyin_creator_tracker\outputs\douyin_supplement_skip_current_20260610_214058.xlsx
[2026-06-10 21:57:07] collecting profile 1/16 video 16/595: 7648194969227787846
[2026-06-10 21:57:10] profile idle scroll 1/3: {'tag': 'DIV', 'cls': 'parent-route-container route-scroll-container LYhLJEMy', 'scrollTop': 187, 'scrollHeight': 953, 'clientHeight': 766, 'amount': 827}
[2026-06-10 21:57:10] humanize profile idle scroll 1/3: sleep 4.8s
[2026-06-10 21:57:15] profile idle scroll 2/3: {'tag': 'DIV', 'cls': 'parent-route-container tmAgOewN route-scroll-container LYhLJEMy', 'scrollTop': 731, 'scrollHeight': 1553, 'clientHeight': 822, 'amount': 738}
[2026-06-10 21:57:15] humanize profile idle scroll 2/3: sleep 3.5s
[2026-06-10 21:57:18] profile idle scroll 3/3: {'tag': 'DIV', 'cls': 'parent-route-container tmAgOewN route-scroll-container LYhLJEMy', 'scrollTop': 0, 'scrollHeight': 3114, 'clientHeight': 822, 'amount': -735}
[2026-06-10 21:57:18] humanize profile idle scroll 3/3: sleep 9.0s
[2026-06-10 21:57:27] humanize profile idle reading: sleep 7.3s
[2026-06-10 21:57:29] keep-awake enabled with SetThreadExecutionState
[2026-06-10 21:57:35] humanize before opening video: sleep 5.7s
[2026-06-10 21:57:43] humanize video reading: sleep 3.7s
[2026-06-10 21:57:52] video 16 rows=1 status=partial_product_not_exposed
[2026-06-10 21:57:52] checkpoint wrote Excel rows=16: C:\Users\Junzhang\Desktop\全自动混剪项目升级版\douyin_creator_tracker\outputs\douyin_supplement_skip_current_20260610_214058.xlsx
[2026-06-10 21:57:52] collecting profile 1/16 video 17/595: 7648122620387655551
[2026-06-10 21:57:54] profile idle scroll 1/3: {'tag': 'DIV', 'cls': 'parent-route-container tmAgOewN route-scroll-container LYhLJEMy', 'scrollTop': 825, 'scrollHeight': 2594, 'clientHeight': 822, 'amount': 825}
[2026-06-10 21:57:54] humanize profile idle scroll 1/3: sleep 3.4s
[2026-06-10 21:57:58] profile idle scroll 2/3: {'tag': 'DIV', 'cls': 'parent-route-container tmAgOewN route-scroll-container LYhLJEMy', 'scrollTop': 1748, 'scrollHeight': 3375, 'clientHeight': 822, 'amount': 923}
[2026-06-10 21:57:58] humanize profile idle scroll 2/3: sleep 3.6s
[2026-06-10 21:58:02] profile idle scroll 3/3: {'tag': 'BODY', 'cls': '', 'scrollTop': 0, 'scrollHeight': 822, 'clientHeight': 822, 'amount': -916}
[2026-06-10 21:58:02] humanize profile idle scroll 3/3: sleep 3.8s
[2026-06-10 21:58:05] humanize profile idle reading: sleep 7.6s
[2026-06-10 21:58:13] humanize before opening video: sleep 6.3s
[2026-06-10 21:58:14] keep-awake enabled with SetThreadExecutionState
[2026-06-10 21:58:22] humanize video reading: sleep 4.8s
[2026-06-10 21:58:29] video 17 rows=1 status=ok_no_product_detected
[2026-06-10 21:58:29] checkpoint wrote Excel rows=17: C:\Users\Junzhang\Desktop\全自动混剪项目升级版\douyin_creator_tracker\outputs\douyin_supplement_skip_current_20260610_214058.xlsx
[2026-06-10 21:58:29] collecting profile 1/16 video 18/595: 7647936697607438995
[2026-06-10 21:58:32] profile idle scroll 1/1: {'tag': 'DIV', 'cls': 'parent-route-container tmAgOewN route-scroll-container LYhLJEMy', 'scrollTop': 991, 'scrollHeight': 1813, 'clientHeight': 822, 'amount': 962}
[2026-06-10 21:58:32] humanize profile idle scroll 1/1: sleep 7.3s
[2026-06-10 21:58:40] humanize before opening video: sleep 4.0s
[2026-06-10 21:58:47] humanize video reading: sleep 4.1s
[2026-06-10 21:58:56] video 18 rows=1 status=partial_product_not_exposed
[2026-06-10 21:58:56] checkpoint wrote Excel rows=18: C:\Users\Junzhang\Desktop\全自动混剪项目升级版\douyin_creator_tracker\outputs\douyin_supplement_skip_current_20260610_214058.xlsx
[2026-06-10 21:58:56] collecting profile 1/16 video 19/595: 7647933217546533610
[2026-06-10 21:58:59] keep-awake enabled with SetThreadExecutionState
[2026-06-10 21:58:59] profile idle scroll 1/2: {'tag': 'DIV', 'cls': 'parent-route-container tmAgOewN route-scroll-container LYhLJEMy', 'scrollTop': 0, 'scrollHeight': 1813, 'clientHeight': 822, 'amount': -753}
[2026-06-10 21:58:59] humanize profile idle scroll 1/2: sleep 6.4s
[2026-06-10 21:59:06] profile idle scroll 2/2: {'tag': 'DIV', 'cls': 'parent-route-container tmAgOewN route-scroll-container LYhLJEMy', 'scrollTop': 0, 'scrollHeight': 2594, 'clientHeight': 822, 'amount': -975}
[2026-06-10 21:59:06] humanize profile idle scroll 2/2: sleep 4.5s
[2026-06-10 21:59:10] humanize profile idle reading: sleep 6.6s
[2026-06-10 21:59:17] humanize before opening video: sleep 6.9s
[2026-06-10 21:59:27] humanize video reading: sleep 3.2s
