[2026-06-09 00:18:12] start
[2026-06-09 00:18:12] keep-awake enabled with SetThreadExecutionState
[2026-06-09 00:18:12] connecting Chrome CDP: http://127.0.0.1:9222
[2026-06-09 00:18:12] opening profile 1/3: https://www.douyin.com/user/MS4wLjABAAAA-172HQ5SFcyboQgcS_BPlb-5QlvEEgVZQbEuWRp3FUBVFIO3GTq4a3iyB7qi17-x?from_tab_name=main
[2026-06-09 00:18:18] resolved profile URL: https://www.douyin.com/user/MS4wLjABAAAA-172HQ5SFcyboQgcS_BPlb-5QlvEEgVZQbEuWRp3FUBVFIO3GTq4a3iyB7qi17-x?from_tab_name=main
[2026-06-09 00:18:18] creator name: 依依（微胖孕期）
[2026-06-09 00:18:18] smart incremental window: last_collect=2026-06-08 22:02:12 day_gap=1 limit=20
[2026-06-09 00:18:18] profile declared total videos: 213
[2026-06-09 00:18:18] profile scan round=1 videos=36
[2026-06-09 00:18:18] incremental skipped existing videos: 20
[2026-06-09 00:18:18] no new video cards found for this profile
[2026-06-09 00:18:18] opening profile 2/3: https://www.douyin.com/user/MS4wLjABAAAANQpW6ai-_cUoCD942LcLRsAsWs4M96P7_IaD9R7WKaBEfBY9kUaeyxNw8zl4tskw?from_tab_name=main
[2026-06-09 00:18:24] resolved profile URL: https://www.douyin.com/user/MS4wLjABAAAANQpW6ai-_cUoCD942LcLRsAsWs4M96P7_IaD9R7WKaBEfBY9kUaeyxNw8zl4tskw?from_tab_name=main
[2026-06-09 00:18:24] creator name: 果粒陈～（孕期版）
[2026-06-09 00:18:24] smart incremental window: last_collect=2026-06-08 23:49:59 day_gap=1 limit=20
[2026-06-09 00:18:24] profile declared total videos: 2428
[2026-06-09 00:18:24] profile scan round=1 videos=36
[2026-06-09 00:18:24] incremental skipped existing videos: 18
[2026-06-09 00:18:24] collected video cards: 2
[2026-06-09 00:18:24] collecting profile 2/3 video 1/2: 7649053304202821041
[2026-06-09 00:18:24] humanize before opening video: sleep 4.3s
[2026-06-09 00:18:31] humanize video reading: sleep 4.0s
[2026-06-09 00:18:36] video 1 rows=1 status=ok
[2026-06-09 00:18:36] checkpoint wrote Excel rows=1: C:\Users\Junzhang\Desktop\全自动混剪项目升级版\douyin_creator_tracker\outputs\douyin_true_incremental_20260609_001811.xlsx
[2026-06-09 00:18:36] collecting profile 2/3 video 2/2: 7649039895352463610
[2026-06-09 00:18:39] profile idle scroll 1/2: {'tag': 'DIV', 'cls': 'parent-route-container tmAgOewN route-scroll-container LYhLJEMy', 'scrollTop': 923, 'scrollHeight': 2354, 'clientHeight': 822, 'amount': 923}
[2026-06-09 00:18:39] humanize profile idle scroll 1/2: sleep 4.1s
[2026-06-09 00:18:43] profile idle scroll 2/2: {'tag': 'DIV', 'cls': 'parent-route-container tmAgOewN route-scroll-container LYhLJEMy', 'scrollTop': 1875, 'scrollHeight': 3134, 'clientHeight': 822, 'amount': 952}
[2026-06-09 00:18:43] humanize profile idle scroll 2/2: sleep 4.8s
[2026-06-09 00:18:48] humanize before opening video: sleep 6.1s
[2026-06-09 00:18:57] humanize video reading: sleep 3.3s
[2026-06-09 00:18:57] keep-awake enabled with SetThreadExecutionState
[2026-06-09 00:19:00] video 2 rows=1 status=ok
[2026-06-09 00:19:01] checkpoint wrote Excel rows=2: C:\Users\Junzhang\Desktop\全自动混剪项目升级版\douyin_creator_tracker\outputs\douyin_true_incremental_20260609_001811.xlsx
[2026-06-09 00:19:01] opening profile 3/3: https://www.douyin.com/user/MS4wLjABAAAAgbWrCSAJZObn4vzBCxjo9vHyV0kRRNtBIRnqg6e0na0?from_tab_name=main
[2026-06-09 00:19:07] resolved profile URL: https://www.douyin.com/user/MS4wLjABAAAAgbWrCSAJZObn4vzBCxjo9vHyV0kRRNtBIRnqg6e0na0?from_tab_name=main
[2026-06-09 00:19:07] creator name: 小鹿是新手妈妈（怀孕版）
[2026-06-09 00:19:07] smart incremental window: last_collect=2026-06-09 00:17:21 day_gap=0 limit=10
[2026-06-09 00:19:07] profile declared total videos: 1231
[2026-06-09 00:19:07] profile scan round=1 videos=57
[2026-06-09 00:19:07] incremental skipped existing videos: 10
[2026-06-09 00:19:07] no new video cards found for this profile
[2026-06-09 00:19:07] wrote Excel: C:\Users\Junzhang\Desktop\全自动混剪项目升级版\douyin_creator_tracker\outputs\douyin_true_incremental_20260609_001811.xlsx
[2026-06-09 00:19:07] done rows=2
[2026-06-09 00:19:07] keep-awake cleared
