[2026-06-07 23:27:06] start
[2026-06-07 23:27:06] keep-awake enabled with SetThreadExecutionState
[2026-06-07 23:27:06] connecting Chrome CDP: http://127.0.0.1:9222
[2026-06-07 23:27:06] opening profile 1/1: https://www.douyin.com/user/MS4wLjABAAAAJRx8Sc6bSTw_Yk5Qfmk42qABU1U0X_FwiHP93DZWhtoNFAVTCXkr6ukCazE-fbNp?from_tab_name=main
[2026-06-07 23:27:12] resolved profile URL: https://www.douyin.com/user/MS4wLjABAAAAJRx8Sc6bSTw_Yk5Qfmk42qABU1U0X_FwiHP93DZWhtoNFAVTCXkr6ukCazE-fbNp?from_tab_name=main
[2026-06-07 23:27:12] creator name: 小嫂子精打细算
[2026-06-07 23:27:12] smart incremental window: new creator in index, fallback to full scan
[2026-06-07 23:27:12] profile scan round=1 videos=20
[2026-06-07 23:27:12] profile forward page scroll result={'tag': 'DIV', 'cls': 'parent-route-container tmAgOewN route-scroll-container LYhLJEMy', 'scrollTop': 920, 'scrollHeight': 1833, 'clientHeight': 822, 'amount': 920}
[2026-06-07 23:27:12] humanize profile scan: sleep 5.0s
[2026-06-07 23:27:18] profile scan round=2 videos=74
[2026-06-07 23:27:18] profile forward page scroll result={'tag': 'DIV', 'cls': 'parent-route-container tmAgOewN route-scroll-container LYhLJEMy', 'scrollTop': 1861, 'scrollHeight': 4175, 'clientHeight': 822, 'amount': 941}
[2026-06-07 23:27:18] humanize profile scan: sleep 3.1s
[2026-06-07 23:27:22] profile scan round=3 videos=74
[2026-06-07 23:27:23] profile forward page scroll result={'tag': 'DIV', 'cls': 'parent-route-container tmAgOewN route-scroll-container LYhLJEMy', 'scrollTop': 2782, 'scrollHeight': 4175, 'clientHeight': 822, 'amount': 921}
[2026-06-07 23:27:23] humanize profile scan: sleep 3.6s
[2026-06-07 23:27:26] profile scan round=4 videos=74
[2026-06-07 23:27:26] profile forward page scroll result={'tag': 'DIV', 'cls': 'parent-route-container tmAgOewN route-scroll-container LYhLJEMy', 'scrollTop': 3353.5, 'scrollHeight': 4175, 'clientHeight': 822, 'amount': 760}
[2026-06-07 23:27:26] humanize profile scan: sleep 6.0s
[2026-06-07 23:27:32] profile scan round=5 videos=74
[2026-06-07 23:27:32] profile forward page scroll result={'tag': 'DIV', 'cls': 'parent-route-container tmAgOewN route-scroll-container LYhLJEMy', 'scrollTop': 3353.5, 'scrollHeight': 4175, 'clientHeight': 822, 'amount': 1024}
[2026-06-07 23:27:32] humanize profile scan: sleep 7.4s
[2026-06-07 23:27:40] profile scan round=6 videos=74
[2026-06-07 23:27:40] profile forward page scroll result={'tag': 'DIV', 'cls': 'parent-route-container tmAgOewN route-scroll-container LYhLJEMy', 'scrollTop': 3353.5, 'scrollHeight': 4175, 'clientHeight': 822, 'amount': 870}
[2026-06-07 23:27:40] humanize profile scan: sleep 5.5s
[2026-06-07 23:27:45] profile scan round=7 videos=74
[2026-06-07 23:27:45] profile forward page scroll result={'tag': 'DIV', 'cls': 'parent-route-container tmAgOewN route-scroll-container LYhLJEMy', 'scrollTop': 3353.5, 'scrollHeight': 4175, 'clientHeight': 822, 'amount': 1002}
[2026-06-07 23:27:45] humanize profile scan: sleep 9.0s
[2026-06-07 23:27:51] keep-awake enabled with SetThreadExecutionState
[2026-06-07 23:27:54] profile scan round=8 videos=74
[2026-06-07 23:27:54] profile forward page scroll result={'tag': 'DIV', 'cls': 'parent-route-container tmAgOewN route-scroll-container LYhLJEMy', 'scrollTop': 3353.5, 'scrollHeight': 4175, 'clientHeight': 822, 'amount': 863}
[2026-06-07 23:27:54] humanize profile scan: sleep 4.9s
[2026-06-07 23:27:59] profile scan round=9 videos=74
[2026-06-07 23:27:59] profile forward page scroll result={'tag': 'DIV', 'cls': 'parent-route-container tmAgOewN route-scroll-container LYhLJEMy', 'scrollTop': 3353.5, 'scrollHeight': 4175, 'clientHeight': 822, 'amount': 987}
[2026-06-07 23:27:59] humanize profile scan: sleep 5.0s
[2026-06-07 23:28:04] profile scan round=10 videos=74
[2026-06-07 23:28:04] profile forward page scroll result={'tag': 'DIV', 'cls': 'parent-route-container tmAgOewN route-scroll-container LYhLJEMy', 'scrollTop': 3353.5, 'scrollHeight': 4175, 'clientHeight': 822, 'amount': 746}
[2026-06-07 23:28:04] humanize profile scan: sleep 6.3s
[2026-06-07 23:28:10] profile scan round=11 videos=74
[2026-06-07 23:28:10] profile reverse page scroll result={'tag': 'DIV', 'cls': 'parent-route-container tmAgOewN route-scroll-container LYhLJEMy', 'scrollTop': 2539.5, 'scrollHeight': 4175, 'clientHeight': 822, 'amount': -814}
[2026-06-07 23:28:10] humanize profile reverse page scroll: sleep 7.4s
[2026-06-07 23:28:18] profile forward page scroll result={'tag': 'DIV', 'cls': 'parent-route-container tmAgOewN route-scroll-container LYhLJEMy', 'scrollTop': 3353.5, 'scrollHeight': 4175, 'clientHeight': 822, 'amount': 990}
[2026-06-07 23:28:18] humanize profile scan: sleep 3.5s
[2026-06-07 23:28:21] profile scan round=12 videos=74
[2026-06-07 23:28:21] profile reverse page scroll result={'tag': 'DIV', 'cls': 'parent-route-container tmAgOewN route-scroll-container LYhLJEMy', 'scrollTop': 2726.5, 'scrollHeight': 4175, 'clientHeight': 822, 'amount': -627}
[2026-06-07 23:28:21] humanize profile reverse page scroll: sleep 4.0s
[2026-06-07 23:28:25] profile forward page scroll result={'tag': 'DIV', 'cls': 'parent-route-container tmAgOewN route-scroll-container LYhLJEMy', 'scrollTop': 3353.5, 'scrollHeight': 4175, 'clientHeight': 822, 'amount': 820}
[2026-06-07 23:28:25] humanize profile scan: sleep 3.4s
[2026-06-07 23:28:29] incremental skipped existing videos: 0
[2026-06-07 23:28:29] collected video cards: 74
[2026-06-07 23:28:29] collecting profile 1/1 video 1/74: 7620708589053040313
[2026-06-07 23:28:29] humanize before opening video: sleep 3.2s
[2026-06-07 23:28:35] humanize video reading: sleep 3.9s
[2026-06-07 23:28:36] keep-awake enabled with SetThreadExecutionState
[2026-06-07 23:28:40] video 1 rows=1 status=ok
[2026-06-07 23:28:40] checkpoint wrote Excel rows=1: C:\Users\Junzhang\Desktop\全自动混剪项目升级版\douyin_creator_tracker\outputs\creator_20260607_232705.xlsx
[2026-06-07 23:28:40] collecting profile 1/1 video 2/74: 7555494193247522108
[2026-06-07 23:28:44] profile idle scroll 1/2: {'tag': 'DIV', 'cls': 'parent-route-container tmAgOewN route-scroll-container LYhLJEMy', 'scrollTop': 818, 'scrollHeight': 1833, 'clientHeight': 822, 'amount': 818}
[2026-06-07 23:28:44] humanize profile idle scroll 1/2: sleep 3.1s
[2026-06-07 23:28:47] profile idle scroll 2/2: {'tag': 'DIV', 'cls': 'parent-route-container tmAgOewN route-scroll-container LYhLJEMy', 'scrollTop': 1757, 'scrollHeight': 3395, 'clientHeight': 822, 'amount': 939}
[2026-06-07 23:28:47] humanize profile idle scroll 2/2: sleep 3.1s
[2026-06-07 23:28:50] humanize profile idle reading: sleep 5.3s
[2026-06-07 23:28:55] humanize before opening video: sleep 3.8s
[2026-06-07 23:29:02] humanize video reading: sleep 3.4s
[2026-06-07 23:29:06] video 2 rows=1 status=ok
[2026-06-07 23:29:06] checkpoint wrote Excel rows=2: C:\Users\Junzhang\Desktop\全自动混剪项目升级版\douyin_creator_tracker\outputs\creator_20260607_232705.xlsx
[2026-06-07 23:29:06] collecting profile 1/1 video 3/74: 7646726628756859643
[2026-06-07 23:29:09] profile idle scroll 1/3: {'tag': 'DIV', 'cls': 'parent-route-container tmAgOewN route-scroll-container LYhLJEMy', 'scrollTop': 274, 'scrollHeight': 1096, 'clientHeight': 822, 'amount': 913}
[2026-06-07 23:29:09] humanize profile idle scroll 1/3: sleep 7.9s
[2026-06-07 23:29:17] profile idle scroll 2/3: {'tag': 'DIV', 'cls': 'parent-route-container tmAgOewN route-scroll-container LYhLJEMy', 'scrollTop': 0, 'scrollHeight': 3395, 'clientHeight': 822, 'amount': -985}
[2026-06-07 23:29:17] humanize profile idle scroll 2/3: sleep 4.0s
[2026-06-07 23:29:21] profile idle scroll 3/3: {'tag': 'DIV', 'cls': 'parent-route-container tmAgOewN route-scroll-container LYhLJEMy', 'scrollTop': 908, 'scrollHeight': 3395, 'clientHeight': 822, 'amount': 908}
[2026-06-07 23:29:21] humanize profile idle scroll 3/3: sleep 5.4s
[2026-06-07 23:29:21] keep-awake enabled with SetThreadExecutionState
[2026-06-07 23:29:27] humanize before opening video: sleep 8.3s
[2026-06-07 23:29:38] humanize video reading: sleep 3.6s
[2026-06-07 23:29:43] video 3 rows=1 status=ok_no_product_detected
[2026-06-07 23:29:43] checkpoint wrote Excel rows=3: C:\Users\Junzhang\Desktop\全自动混剪项目升级版\douyin_creator_tracker\outputs\creator_20260607_232705.xlsx
[2026-06-07 23:29:43] collecting profile 1/1 video 4/74: 7640096086229756538
[2026-06-07 23:29:46] profile idle scroll 1/1: {'tag': 'DIV', 'cls': 'parent-route-container tmAgOewN route-scroll-container LYhLJEMy', 'scrollTop': 0, 'scrollHeight': 1833, 'clientHeight': 822, 'amount': -962}
[2026-06-07 23:29:46] humanize profile idle scroll 1/1: sleep 7.0s
[2026-06-07 23:29:53] humanize before opening video: sleep 7.8s
[2026-06-07 23:30:03] humanize video reading: sleep 4.2s
[2026-06-07 23:30:06] keep-awake enabled with SetThreadExecutionState
[2026-06-07 23:30:09] video 4 rows=1 status=ok
[2026-06-07 23:30:09] checkpoint wrote Excel rows=4: C:\Users\Junzhang\Desktop\全自动混剪项目升级版\douyin_creator_tracker\outputs\creator_20260607_232705.xlsx
[2026-06-07 23:30:09] collecting profile 1/1 video 5/74: 7639389523801285221
[2026-06-07 23:30:12] profile idle scroll 1/3: {'tag': 'DIV', 'cls': 'parent-route-container tmAgOewN route-scroll-container LYhLJEMy', 'scrollTop': 0, 'scrollHeight': 2614, 'clientHeight': 822, 'amount': -813}
[2026-06-07 23:30:12] humanize profile idle scroll 1/3: sleep 4.4s
[2026-06-07 23:30:17] profile idle scroll 2/3: {'tag': 'DIV', 'cls': 'parent-route-container tmAgOewN route-scroll-container LYhLJEMy', 'scrollTop': 0, 'scrollHeight': 2614, 'clientHeight': 822, 'amount': -918}
[2026-06-07 23:30:17] humanize profile idle scroll 2/3: sleep 6.1s
[2026-06-07 23:30:23] profile idle scroll 3/3: {'tag': 'DIV', 'cls': 'parent-route-container tmAgOewN route-scroll-container LYhLJEMy', 'scrollTop': 0, 'scrollHeight': 2614, 'clientHeight': 822, 'amount': -809}
[2026-06-07 23:30:23] humanize profile idle scroll 3/3: sleep 3.4s
[2026-06-07 23:30:26] humanize profile idle reading: sleep 7.0s
[2026-06-07 23:30:33] humanize before opening video: sleep 3.5s
[2026-06-07 23:30:40] humanize video reading: sleep 4.5s
[2026-06-07 23:30:45] video 5 rows=1 status=ok
[2026-06-07 23:30:45] checkpoint wrote Excel rows=5: C:\Users\Junzhang\Desktop\全自动混剪项目升级版\douyin_creator_tracker\outputs\creator_20260607_232705.xlsx
[2026-06-07 23:30:45] collecting profile 1/1 video 6/74: 7639362993453765113
[2026-06-07 23:30:48] profile idle scroll 1/1: {'tag': 'DIV', 'cls': 'parent-route-container tmAgOewN route-scroll-container LYhLJEMy', 'scrollTop': 930, 'scrollHeight': 1833, 'clientHeight': 822, 'amount': 930}
[2026-06-07 23:30:48] humanize profile idle scroll 1/1: sleep 6.6s
[2026-06-07 23:30:51] keep-awake enabled with SetThreadExecutionState
[2026-06-07 23:30:55] humanize profile idle reading: sleep 5.7s
[2026-06-07 23:31:01] humanize before opening video: sleep 8.9s
[2026-06-07 23:31:12] humanize video reading: sleep 4.4s
[2026-06-07 23:31:19] video 6 rows=1 status=ok
[2026-06-07 23:31:19] checkpoint wrote Excel rows=6: C:\Users\Junzhang\Desktop\全自动混剪项目升级版\douyin_creator_tracker\outputs\creator_20260607_232705.xlsx
[2026-06-07 23:31:19] collecting profile 1/1 video 7/74: 7639358266871874489
[2026-06-07 23:31:22] profile idle scroll 1/2: {'tag': 'DIV', 'cls': 'parent-route-container tmAgOewN route-scroll-container LYhLJEMy', 'scrollTop': 0, 'scrollHeight': 2614, 'clientHeight': 822, 'amount': -943}
[2026-06-07 23:31:22] humanize profile idle scroll 1/2: sleep 5.3s
[2026-06-07 23:31:27] profile idle scroll 2/2: {'tag': 'DIV', 'cls': 'parent-route-container tmAgOewN route-scroll-container LYhLJEMy', 'scrollTop': 878, 'scrollHeight': 2614, 'clientHeight': 822, 'amount': 878}
[2026-06-07 23:31:27] humanize profile idle scroll 2/2: sleep 3.7s
[2026-06-07 23:31:31] humanize profile idle reading: sleep 5.7s
[2026-06-07 23:31:36] keep-awake enabled with SetThreadExecutionState
[2026-06-07 23:31:37] humanize before opening video: sleep 6.7s
[2026-06-07 23:31:46] humanize video reading: sleep 3.6s
[2026-06-07 23:31:51] video 7 rows=1 status=ok
[2026-06-07 23:31:51] checkpoint wrote Excel rows=7: C:\Users\Junzhang\Desktop\全自动混剪项目升级版\douyin_creator_tracker\outputs\creator_20260607_232705.xlsx
[2026-06-07 23:31:51] collecting profile 1/1 video 8/74: 7639357101990824697
[2026-06-07 23:31:54] profile idle scroll 1/3: {'tag': 'DIV', 'cls': 'parent-route-container tmAgOewN route-scroll-container LYhLJEMy', 'scrollTop': 716, 'scrollHeight': 1833, 'clientHeight': 822, 'amount': 716}
[2026-06-07 23:31:54] humanize profile idle scroll 1/3: sleep 5.1s
[2026-06-07 23:31:59] profile idle scroll 2/3: {'tag': 'DIV', 'cls': 'parent-route-container tmAgOewN route-scroll-container LYhLJEMy', 'scrollTop': 0, 'scrollHeight': 3395, 'clientHeight': 822, 'amount': -980}
[2026-06-07 23:31:59] humanize profile idle scroll 2/3: sleep 4.7s
[2026-06-07 23:32:04] profile idle scroll 3/3: {'tag': 'DIV', 'cls': 'parent-route-container tmAgOewN route-scroll-container LYhLJEMy', 'scrollTop': 0, 'scrollHeight': 3395, 'clientHeight': 822, 'amount': -765}
[2026-06-07 23:32:04] humanize profile idle scroll 3/3: sleep 5.3s
[2026-06-07 23:32:09] humanize before opening video: sleep 3.9s
[2026-06-07 23:32:16] humanize video reading: sleep 4.9s
[2026-06-07 23:32:21] keep-awake enabled with SetThreadExecutionState
[2026-06-07 23:32:22] video 8 rows=1 status=ok
[2026-06-07 23:32:22] checkpoint wrote Excel rows=8: C:\Users\Junzhang\Desktop\全自动混剪项目升级版\douyin_creator_tracker\outputs\creator_20260607_232705.xlsx
[2026-06-07 23:32:22] collecting profile 1/1 video 9/74: 7639353655968639333
[2026-06-07 23:32:25] profile idle scroll 1/3: {'tag': 'DIV', 'cls': 'parent-route-container tmAgOewN route-scroll-container LYhLJEMy', 'scrollTop': 0, 'scrollHeight': 2614, 'clientHeight': 822, 'amount': -850}
[2026-06-07 23:32:25] humanize profile idle scroll 1/3: sleep 3.3s
[2026-06-07 23:32:28] profile idle scroll 2/3: {'tag': 'DIV', 'cls': 'parent-route-container tmAgOewN route-scroll-container LYhLJEMy', 'scrollTop': 780, 'scrollHeight': 2614, 'clientHeight': 822, 'amount': 780}
[2026-06-07 23:32:28] humanize profile idle scroll 2/3: sleep 6.3s
[2026-06-07 23:32:35] profile idle scroll 3/3: {'tag': 'DIV', 'cls': 'parent-route-container tmAgOewN route-scroll-container LYhLJEMy', 'scrollTop': 1576, 'scrollHeight': 2614, 'clientHeight': 822, 'amount': 796}
[2026-06-07 23:32:35] humanize profile idle scroll 3/3: sleep 6.9s
[2026-06-07 23:32:41] humanize profile idle reading: sleep 5.0s
[2026-06-07 23:32:46] humanize before opening video: sleep 4.4s
[2026-06-07 23:32:54] humanize video reading: sleep 3.4s
[2026-06-07 23:32:59] video 9 rows=1 status=ok
[2026-06-07 23:32:59] checkpoint wrote Excel rows=9: C:\Users\Junzhang\Desktop\全自动混剪项目升级版\douyin_creator_tracker\outputs\creator_20260607_232705.xlsx
[2026-06-07 23:32:59] collecting profile 1/1 video 10/74: 7638877648114935483
[2026-06-07 23:33:02] profile idle scroll 1/2: {'tag': 'DIV', 'cls': 'parent-route-container tmAgOewN route-scroll-container LYhLJEMy', 'scrollTop': 771, 'scrollHeight': 1833, 'clientHeight': 822, 'amount': 771}
[2026-06-07 23:33:02] humanize profile idle scroll 1/2: sleep 5.4s
[2026-06-07 23:33:06] keep-awake enabled with SetThreadExecutionState
[2026-06-07 23:33:07] profile idle scroll 2/2: {'tag': 'DIV', 'cls': 'parent-route-container tmAgOewN route-scroll-container LYhLJEMy', 'scrollTop': 1443, 'scrollHeight': 3395, 'clientHeight': 822, 'amount': 672}
[2026-06-07 23:33:07] humanize profile idle scroll 2/2: sleep 4.2s
[2026-06-07 23:33:12] humanize before opening video: sleep 7.2s
[2026-06-07 23:33:22] humanize video reading: sleep 4.8s
[2026-06-07 23:33:28] video 10 rows=1 status=ok
[2026-06-07 23:33:28] checkpoint wrote Excel rows=10: C:\Users\Junzhang\Desktop\全自动混剪项目升级版\douyin_creator_tracker\outputs\creator_20260607_232705.xlsx
[2026-06-07 23:33:28] collecting profile 1/1 video 11/74: 7638874771107627963
[2026-06-07 23:33:30] profile idle scroll 1/3: {'tag': 'DIV', 'cls': 'parent-route-container tmAgOewN route-scroll-container LYhLJEMy', 'scrollTop': 0, 'scrollHeight': 1833, 'clientHeight': 822, 'amount': -681}
[2026-06-07 23:33:30] humanize profile idle scroll 1/3: sleep 5.4s
[2026-06-07 23:33:36] profile idle scroll 2/3: {'tag': 'DIV', 'cls': 'parent-route-container tmAgOewN route-scroll-container LYhLJEMy', 'scrollTop': 970, 'scrollHeight': 2614, 'clientHeight': 822, 'amount': 970}
[2026-06-07 23:33:36] humanize profile idle scroll 2/3: sleep 5.6s
[2026-06-07 23:33:41] profile idle scroll 3/3: {'tag': 'DIV', 'cls': 'parent-route-container tmAgOewN route-scroll-container LYhLJEMy', 'scrollTop': 279, 'scrollHeight': 2614, 'clientHeight': 822, 'amount': -691}
[2026-06-07 23:33:41] humanize profile idle scroll 3/3: sleep 7.7s
[2026-06-07 23:33:49] humanize profile idle reading: sleep 6.0s
[2026-06-07 23:33:51] keep-awake enabled with SetThreadExecutionState
[2026-06-07 23:33:55] humanize before opening video: sleep 8.3s
[2026-06-07 23:34:06] humanize video reading: sleep 3.5s
[2026-06-07 23:34:11] video 11 rows=1 status=ok
[2026-06-07 23:34:11] checkpoint wrote Excel rows=11: C:\Users\Junzhang\Desktop\全自动混剪项目升级版\douyin_creator_tracker\outputs\creator_20260607_232705.xlsx
[2026-06-07 23:34:11] collecting profile 1/1 video 12/74: 7638874395956145019
[2026-06-07 23:34:14] profile idle scroll 1/1: {'tag': 'DIV', 'cls': 'parent-route-container tmAgOewN route-scroll-container LYhLJEMy', 'scrollTop': 837, 'scrollHeight': 1833, 'clientHeight': 822, 'amount': 837}
[2026-06-07 23:34:14] humanize profile idle scroll 1/1: sleep 5.2s
[2026-06-07 23:34:19] humanize profile idle reading: sleep 6.8s
[2026-06-07 23:34:26] humanize before opening video: sleep 3.7s
[2026-06-07 23:34:32] humanize video reading: sleep 3.0s
[2026-06-07 23:34:36] video 12 rows=1 status=ok
[2026-06-07 23:34:36] checkpoint wrote Excel rows=12: C:\Users\Junzhang\Desktop\全自动混剪项目升级版\douyin_creator_tracker\outputs\creator_20260607_232705.xlsx
[2026-06-07 23:34:36] collecting profile 1/1 video 13/74: 7638874022180035505
[2026-06-07 23:34:36] keep-awake enabled with SetThreadExecutionState
[2026-06-07 23:34:39] profile idle scroll 1/3: {'tag': 'DIV', 'cls': 'parent-route-container tmAgOewN route-scroll-container LYhLJEMy', 'scrollTop': 853, 'scrollHeight': 1833, 'clientHeight': 822, 'amount': 853}
[2026-06-07 23:34:39] humanize profile idle scroll 1/3: sleep 5.8s
[2026-06-07 23:34:45] profile idle scroll 2/3: {'tag': 'DIV', 'cls': 'parent-route-container tmAgOewN route-scroll-container LYhLJEMy', 'scrollTop': 0, 'scrollHeight': 3395, 'clientHeight': 822, 'amount': -906}
[2026-06-07 23:34:45] humanize profile idle scroll 2/3: sleep 4.5s
[2026-06-07 23:34:50] profile idle scroll 3/3: {'tag': 'DIV', 'cls': 'parent-route-container tmAgOewN route-scroll-container LYhLJEMy', 'scrollTop': 0, 'scrollHeight': 3395, 'clientHeight': 822, 'amount': -702}
[2026-06-07 23:34:50] humanize profile idle scroll 3/3: sleep 6.2s
[2026-06-07 23:34:56] humanize before opening video: sleep 5.4s
[2026-06-07 23:35:04] humanize video reading: sleep 4.2s
[2026-06-07 23:35:09] video 13 rows=1 status=ok
[2026-06-07 23:35:09] checkpoint wrote Excel rows=13: C:\Users\Junzhang\Desktop\全自动混剪项目升级版\douyin_creator_tracker\outputs\creator_20260607_232705.xlsx
[2026-06-07 23:35:09] collecting profile 1/1 video 14/74: 7638873582492527333
[2026-06-07 23:35:12] profile idle scroll 1/3: {'tag': 'DIV', 'cls': 'parent-route-container tmAgOewN route-scroll-container LYhLJEMy', 'scrollTop': 0, 'scrollHeight': 1833, 'clientHeight': 822, 'amount': -938}
[2026-06-07 23:35:12] humanize profile idle scroll 1/3: sleep 3.7s
[2026-06-07 23:35:16] profile idle scroll 2/3: {'tag': 'DIV', 'cls': 'parent-route-container tmAgOewN route-scroll-container LYhLJEMy', 'scrollTop': 846, 'scrollHeight': 3395, 'clientHeight': 822, 'amount': 846}
[2026-06-07 23:35:16] humanize profile idle scroll 2/3: sleep 7.3s
[2026-06-07 23:35:21] keep-awake enabled with SetThreadExecutionState
[2026-06-07 23:35:23] profile idle scroll 3/3: {'tag': 'DIV', 'cls': 'parent-route-container tmAgOewN route-scroll-container LYhLJEMy', 'scrollTop': 1673, 'scrollHeight': 3395, 'clientHeight': 822, 'amount': 827}
[2026-06-07 23:35:23] humanize profile idle scroll 3/3: sleep 5.5s
[2026-06-07 23:35:29] humanize before opening video: sleep 8.0s
[2026-06-07 23:35:39] humanize video reading: sleep 4.7s
[2026-06-07 23:35:46] video 14 rows=1 status=partial_product_not_exposed
[2026-06-07 23:35:46] checkpoint wrote Excel rows=14: C:\Users\Junzhang\Desktop\全自动混剪项目升级版\douyin_creator_tracker\outputs\creator_20260607_232705.xlsx
[2026-06-07 23:35:46] collecting profile 1/1 video 15/74: 7638651708223357882
[2026-06-07 23:35:49] profile idle scroll 1/2: {'tag': 'DIV', 'cls': 'parent-route-container tmAgOewN route-scroll-container LYhLJEMy', 'scrollTop': 664, 'scrollHeight': 1833, 'clientHeight': 822, 'amount': 664}
[2026-06-07 23:35:49] humanize profile idle scroll 1/2: sleep 8.5s
[2026-06-07 23:35:57] profile idle scroll 2/2: {'tag': 'DIV', 'cls': 'parent-route-container tmAgOewN route-scroll-container LYhLJEMy', 'scrollTop': 1434, 'scrollHeight': 3395, 'clientHeight': 822, 'amount': 770}
[2026-06-07 23:35:57] humanize profile idle scroll 2/2: sleep 8.0s
[2026-06-07 23:36:05] humanize profile idle reading: sleep 3.4s
[2026-06-07 23:36:06] keep-awake enabled with SetThreadExecutionState
[2026-06-07 23:36:09] humanize before opening video: sleep 4.9s
[2026-06-07 23:36:16] humanize video reading: sleep 3.3s
[2026-06-07 23:36:25] video 15 rows=1 status=partial_product_not_exposed
[2026-06-07 23:36:25] checkpoint wrote Excel rows=15: C:\Users\Junzhang\Desktop\全自动混剪项目升级版\douyin_creator_tracker\outputs\creator_20260607_232705.xlsx
[2026-06-07 23:36:25] collecting profile 1/1 video 16/74: 7638651021984817253
[2026-06-07 23:36:28] profile idle scroll 1/3: {'tag': 'DIV', 'cls': 'parent-route-container tmAgOewN route-scroll-container LYhLJEMy', 'scrollTop': 0, 'scrollHeight': 1833, 'clientHeight': 822, 'amount': -702}
[2026-06-07 23:36:28] humanize profile idle scroll 1/3: sleep 8.8s
[2026-06-07 23:36:37] profile idle scroll 2/3: {'tag': 'DIV', 'cls': 'parent-route-container tmAgOewN route-scroll-container LYhLJEMy', 'scrollTop': 741, 'scrollHeight': 2614, 'clientHeight': 822, 'amount': 741}
[2026-06-07 23:36:37] humanize profile idle scroll 2/3: sleep 6.6s
[2026-06-07 23:36:43] profile idle scroll 3/3: {'tag': 'DIV', 'cls': 'parent-route-container tmAgOewN route-scroll-container LYhLJEMy', 'scrollTop': 1553, 'scrollHeight': 2614, 'clientHeight': 822, 'amount': 812}
[2026-06-07 23:36:43] humanize profile idle scroll 3/3: sleep 7.7s
[2026-06-07 23:36:51] humanize profile idle reading: sleep 5.2s
[2026-06-07 23:36:51] keep-awake enabled with SetThreadExecutionState
[2026-06-07 23:36:56] humanize before opening video: sleep 8.2s
[2026-06-07 23:37:07] humanize video reading: sleep 4.2s
[2026-06-07 23:37:12] video 16 rows=1 status=ok
[2026-06-07 23:37:12] checkpoint wrote Excel rows=16: C:\Users\Junzhang\Desktop\全自动混剪项目升级版\douyin_creator_tracker\outputs\creator_20260607_232705.xlsx
[2026-06-07 23:37:12] collecting profile 1/1 video 17/74: 7638650601249559291
[2026-06-07 23:37:15] profile idle scroll 1/3: {'tag': 'DIV', 'cls': 'parent-route-container tmAgOewN route-scroll-container LYhLJEMy', 'scrollTop': 723, 'scrollHeight': 2614, 'clientHeight': 822, 'amount': 723}
[2026-06-07 23:37:15] humanize profile idle scroll 1/3: sleep 7.4s
[2026-06-07 23:37:22] profile idle scroll 2/3: {'tag': 'DIV', 'cls': 'parent-route-container tmAgOewN route-scroll-container LYhLJEMy', 'scrollTop': 1388, 'scrollHeight': 3395, 'clientHeight': 822, 'amount': 665}
[2026-06-07 23:37:22] humanize profile idle scroll 2/3: sleep 3.7s
[2026-06-07 23:37:26] profile idle scroll 3/3: {'tag': 'DIV', 'cls': 'parent-route-container tmAgOewN route-scroll-container LYhLJEMy', 'scrollTop': 2363, 'scrollHeight': 4956, 'clientHeight': 822, 'amount': 975}
[2026-06-07 23:37:26] humanize profile idle scroll 3/3: sleep 3.7s
[2026-06-07 23:37:30] humanize before opening video: sleep 4.1s
[2026-06-07 23:37:36] keep-awake enabled with SetThreadExecutionState
[2026-06-07 23:37:38] humanize video reading: sleep 4.2s
[2026-06-07 23:37:43] video 17 rows=1 status=ok
[2026-06-07 23:37:43] checkpoint wrote Excel rows=17: C:\Users\Junzhang\Desktop\全自动混剪项目升级版\douyin_creator_tracker\outputs\creator_20260607_232705.xlsx
[2026-06-07 23:37:43] collecting profile 1/1 video 18/74: 7638649637814241147
[2026-06-07 23:37:45] profile idle scroll 1/3: {'tag': 'DIV', 'cls': 'parent-route-container tmAgOewN route-scroll-container LYhLJEMy', 'scrollTop': 832, 'scrollHeight': 2614, 'clientHeight': 822, 'amount': 832}
[2026-06-07 23:37:45] humanize profile idle scroll 1/3: sleep 8.5s
[2026-06-07 23:37:54] profile idle scroll 2/3: {'tag': 'DIV', 'cls': 'parent-route-container tmAgOewN route-scroll-container LYhLJEMy', 'scrollTop': 1522, 'scrollHeight': 4175, 'clientHeight': 822, 'amount': 690}
[2026-06-07 23:37:54] humanize profile idle scroll 2/3: sleep 8.5s
[2026-06-07 23:38:02] profile idle scroll 3/3: {'tag': 'DIV', 'cls': 'parent-route-container tmAgOewN route-scroll-container LYhLJEMy', 'scrollTop': 2394, 'scrollHeight': 4175, 'clientHeight': 822, 'amount': 872}
[2026-06-07 23:38:02] humanize profile idle scroll 3/3: sleep 7.4s
[2026-06-07 23:38:10] humanize profile idle reading: sleep 4.0s
[2026-06-07 23:38:14] humanize before opening video: sleep 4.3s
[2026-06-07 23:38:21] humanize video reading: sleep 3.2s
[2026-06-07 23:38:21] keep-awake enabled with SetThreadExecutionState
[2026-06-07 23:38:25] video 18 rows=1 status=ok
[2026-06-07 23:38:25] checkpoint wrote Excel rows=18: C:\Users\Junzhang\Desktop\全自动混剪项目升级版\douyin_creator_tracker\outputs\creator_20260607_232705.xlsx
[2026-06-07 23:38:25] collecting profile 1/1 video 19/74: 7638624599799126650
[2026-06-07 23:38:28] profile idle scroll 1/3: {'tag': 'DIV', 'cls': 'parent-route-container tmAgOewN route-scroll-container LYhLJEMy', 'scrollTop': 972, 'scrollHeight': 2614, 'clientHeight': 822, 'amount': 972}
[2026-06-07 23:38:28] humanize profile idle scroll 1/3: sleep 5.5s
[2026-06-07 23:38:33] profile idle scroll 2/3: {'tag': 'DIV', 'cls': 'parent-route-container tmAgOewN route-scroll-container LYhLJEMy', 'scrollTop': 1660, 'scrollHeight': 3395, 'clientHeight': 822, 'amount': 688}
[2026-06-07 23:38:33] humanize profile idle scroll 2/3: sleep 6.0s
[2026-06-07 23:38:39] profile idle scroll 3/3: {'tag': 'DIV', 'cls': 'parent-route-container tmAgOewN route-scroll-container LYhLJEMy', 'scrollTop': 2490, 'scrollHeight': 4956, 'clientHeight': 822, 'amount': 830}
[2026-06-07 23:38:39] humanize profile idle scroll 3/3: sleep 6.1s
[2026-06-07 23:38:45] humanize before opening video: sleep 7.8s
[2026-06-07 23:38:56] humanize video reading: sleep 4.3s
[2026-06-07 23:39:00] video 19 rows=1 status=ok
[2026-06-07 23:39:00] checkpoint wrote Excel rows=19: C:\Users\Junzhang\Desktop\全自动混剪项目升级版\douyin_creator_tracker\outputs\creator_20260607_232705.xlsx
[2026-06-07 23:39:00] collecting profile 1/1 video 20/74: 7638234030785704433
[2026-06-07 23:39:03] profile idle scroll 1/1: {'tag': 'DIV', 'cls': 'parent-route-container tmAgOewN route-scroll-container LYhLJEMy', 'scrollTop': 796, 'scrollHeight': 2614, 'clientHeight': 822, 'amount': 796}
[2026-06-07 23:39:03] humanize profile idle scroll 1/1: sleep 8.8s
[2026-06-07 23:39:06] keep-awake enabled with SetThreadExecutionState
[2026-06-07 23:39:12] humanize before opening video: sleep 3.8s
[2026-06-07 23:39:19] humanize video reading: sleep 3.2s
[2026-06-07 23:39:22] video 20 rows=1 status=ok
[2026-06-07 23:39:22] checkpoint wrote Excel rows=20: C:\Users\Junzhang\Desktop\全自动混剪项目升级版\douyin_creator_tracker\outputs\creator_20260607_232705.xlsx
[2026-06-07 23:39:22] collecting profile 1/1 video 21/74: 7638233916357490873
[2026-06-07 23:39:25] profile idle scroll 1/1: {'tag': 'DIV', 'cls': 'parent-route-container tmAgOewN route-scroll-container LYhLJEMy', 'scrollTop': 0, 'scrollHeight': 1833, 'clientHeight': 822, 'amount': -893}
[2026-06-07 23:39:25] humanize profile idle scroll 1/1: sleep 3.1s
[2026-06-07 23:39:28] humanize profile idle reading: sleep 8.0s
[2026-06-07 23:39:36] humanize before opening video: sleep 7.7s
[2026-06-07 23:39:47] humanize video reading: sleep 4.2s
[2026-06-07 23:39:51] video 21 rows=1 status=ok
[2026-06-07 23:39:51] checkpoint wrote Excel rows=21: C:\Users\Junzhang\Desktop\全自动混剪项目升级版\douyin_creator_tracker\outputs\creator_20260607_232705.xlsx
[2026-06-07 23:39:51] collecting profile 1/1 video 22/74: 7638170860167186106
[2026-06-07 23:39:51] keep-awake enabled with SetThreadExecutionState
[2026-06-07 23:39:54] profile idle scroll 1/3: {'tag': 'DIV', 'cls': 'parent-route-container tmAgOewN route-scroll-container LYhLJEMy', 'scrollTop': 706, 'scrollHeight': 2614, 'clientHeight': 822, 'amount': 706}
[2026-06-07 23:39:54] humanize profile idle scroll 1/3: sleep 5.5s
[2026-06-07 23:39:59] profile idle scroll 2/3: {'tag': 'DIV', 'cls': 'parent-route-container tmAgOewN route-scroll-container LYhLJEMy', 'scrollTop': 0, 'scrollHeight': 4175, 'clientHeight': 822, 'amount': -729}
[2026-06-07 23:39:59] humanize profile idle scroll 2/3: sleep 6.6s
[2026-06-07 23:40:06] profile idle scroll 3/3: {'tag': 'DIV', 'cls': 'parent-route-container tmAgOewN route-scroll-container LYhLJEMy', 'scrollTop': 766, 'scrollHeight': 4175, 'clientHeight': 822, 'amount': 766}
[2026-06-07 23:40:06] humanize profile idle scroll 3/3: sleep 7.9s
[2026-06-07 23:40:14] humanize profile idle reading: sleep 4.9s
[2026-06-07 23:40:19] humanize before opening video: sleep 7.7s
[2026-06-07 23:40:29] humanize video reading: sleep 4.2s
[2026-06-07 23:40:34] video 22 rows=1 status=ok
[2026-06-07 23:40:34] checkpoint wrote Excel rows=22: C:\Users\Junzhang\Desktop\全自动混剪项目升级版\douyin_creator_tracker\outputs\creator_20260607_232705.xlsx
[2026-06-07 23:40:34] collecting profile 1/1 video 23/74: 7638170548979510713
[2026-06-07 23:40:36] keep-awake enabled with SetThreadExecutionState
[2026-06-07 23:40:37] profile idle scroll 1/2: {'tag': 'DIV', 'cls': 'parent-route-container tmAgOewN route-scroll-container LYhLJEMy', 'scrollTop': 890, 'scrollHeight': 2614, 'clientHeight': 822, 'amount': 890}
[2026-06-07 23:40:37] humanize profile idle scroll 1/2: sleep 5.2s
[2026-06-07 23:40:42] profile idle scroll 2/2: {'tag': 'DIV', 'cls': 'parent-route-container tmAgOewN route-scroll-container LYhLJEMy', 'scrollTop': 1670, 'scrollHeight': 4175, 'clientHeight': 822, 'amount': 780}
[2026-06-07 23:40:42] humanize profile idle scroll 2/2: sleep 8.5s
[2026-06-07 23:40:51] humanize profile idle reading: sleep 5.7s
[2026-06-07 23:40:56] humanize before opening video: sleep 8.4s
[2026-06-07 23:41:08] humanize video reading: sleep 3.3s
[2026-06-07 23:41:12] video 23 rows=1 status=ok
[2026-06-07 23:41:12] checkpoint wrote Excel rows=23: C:\Users\Junzhang\Desktop\全自动混剪项目升级版\douyin_creator_tracker\outputs\creator_20260607_232705.xlsx
[2026-06-07 23:41:12] collecting profile 1/1 video 24/74: 7638170176622983545
[2026-06-07 23:41:15] profile idle scroll 1/2: {'tag': 'DIV', 'cls': 'parent-route-container tmAgOewN route-scroll-container LYhLJEMy', 'scrollTop': 919, 'scrollHeight': 2614, 'clientHeight': 822, 'amount': 919}
[2026-06-07 23:41:15] humanize profile idle scroll 1/2: sleep 7.4s
[2026-06-07 23:41:21] keep-awake enabled with SetThreadExecutionState
[2026-06-07 23:41:22] profile idle scroll 2/2: {'tag': 'DIV', 'cls': 'parent-route-container tmAgOewN route-scroll-container LYhLJEMy', 'scrollTop': 1898, 'scrollHeight': 4175, 'clientHeight': 822, 'amount': 979}
[2026-06-07 23:41:22] humanize profile idle scroll 2/2: sleep 4.0s
[2026-06-07 23:41:26] humanize before opening video: sleep 3.3s
[2026-06-07 23:41:32] humanize video reading: sleep 3.5s
[2026-06-07 23:41:36] video 24 rows=1 status=ok
[2026-06-07 23:41:36] checkpoint wrote Excel rows=24: C:\Users\Junzhang\Desktop\全自动混剪项目升级版\douyin_creator_tracker\outputs\creator_20260607_232705.xlsx
[2026-06-07 23:41:36] collecting profile 1/1 video 25/74: 7637812397487792505
[2026-06-07 23:41:39] profile idle scroll 1/2: {'tag': 'DIV', 'cls': 'parent-route-container tmAgOewN route-scroll-container LYhLJEMy', 'scrollTop': 0, 'scrollHeight': 1833, 'clientHeight': 822, 'amount': -790}
[2026-06-07 23:41:39] humanize profile idle scroll 1/2: sleep 8.4s
[2026-06-07 23:41:47] profile idle scroll 2/2: {'tag': 'DIV', 'cls': 'parent-route-container tmAgOewN route-scroll-container LYhLJEMy', 'scrollTop': 906, 'scrollHeight': 3395, 'clientHeight': 822, 'amount': 906}
[2026-06-07 23:41:47] humanize profile idle scroll 2/2: sleep 4.6s
[2026-06-07 23:41:52] humanize profile idle reading: sleep 8.7s
[2026-06-07 23:42:01] humanize before opening video: sleep 8.8s
[2026-06-07 23:42:07] keep-awake enabled with SetThreadExecutionState
[2026-06-07 23:42:12] humanize video reading: sleep 4.1s
[2026-06-07 23:42:17] video 25 rows=1 status=ok
[2026-06-07 23:42:17] checkpoint wrote Excel rows=25: C:\Users\Junzhang\Desktop\全自动混剪项目升级版\douyin_creator_tracker\outputs\creator_20260607_232705.xlsx
[2026-06-07 23:42:17] collecting profile 1/1 video 26/74: 7637811642731306171
[2026-06-07 23:42:20] profile idle scroll 1/1: {'tag': 'DIV', 'cls': 'parent-route-container tmAgOewN route-scroll-container LYhLJEMy', 'scrollTop': 675, 'scrollHeight': 2595, 'clientHeight': 822, 'amount': 675}
[2026-06-07 23:42:20] humanize profile idle scroll 1/1: sleep 5.2s
[2026-06-07 23:42:25] humanize before opening video: sleep 9.0s
[2026-06-07 23:42:37] humanize video reading: sleep 4.0s
[2026-06-07 23:42:41] video 26 rows=1 status=ok
[2026-06-07 23:42:41] checkpoint wrote Excel rows=26: C:\Users\Junzhang\Desktop\全自动混剪项目升级版\douyin_creator_tracker\outputs\creator_20260607_232705.xlsx
[2026-06-07 23:42:41] collecting profile 1/1 video 27/74: 7637810621724274171
[2026-06-07 23:42:44] profile idle scroll 1/3: {'tag': 'DIV', 'cls': 'parent-route-container tmAgOewN route-scroll-container LYhLJEMy', 'scrollTop': 0, 'scrollHeight': 1833, 'clientHeight': 822, 'amount': -787}
[2026-06-07 23:42:44] humanize profile idle scroll 1/3: sleep 7.4s
[2026-06-07 23:42:52] keep-awake enabled with SetThreadExecutionState
[2026-06-07 23:42:52] profile idle scroll 2/3: {'tag': 'DIV', 'cls': 'parent-route-container tmAgOewN route-scroll-container LYhLJEMy', 'scrollTop': 0, 'scrollHeight': 2614, 'clientHeight': 822, 'amount': -910}
[2026-06-07 23:42:52] humanize profile idle scroll 2/3: sleep 4.5s
[2026-06-07 23:42:56] profile idle scroll 3/3: {'tag': 'DIV', 'cls': 'parent-route-container tmAgOewN route-scroll-container LYhLJEMy', 'scrollTop': 929, 'scrollHeight': 2614, 'clientHeight': 822, 'amount': 929}
[2026-06-07 23:42:56] humanize profile idle scroll 3/3: sleep 4.3s
[2026-06-07 23:43:00] humanize profile idle reading: sleep 5.4s
[2026-06-07 23:43:06] humanize before opening video: sleep 8.4s
[2026-06-07 23:43:17] humanize video reading: sleep 3.1s
[2026-06-07 23:43:21] video 27 rows=1 status=ok
[2026-06-07 23:43:21] checkpoint wrote Excel rows=27: C:\Users\Junzhang\Desktop\全自动混剪项目升级版\douyin_creator_tracker\outputs\creator_20260607_232705.xlsx
[2026-06-07 23:43:21] collecting profile 1/1 video 28/74: 7637810185381897914
[2026-06-07 23:43:24] profile idle scroll 1/3: {'tag': 'DIV', 'cls': 'parent-route-container tmAgOewN route-scroll-container LYhLJEMy', 'scrollTop': 932, 'scrollHeight': 2614, 'clientHeight': 822, 'amount': 932}
[2026-06-07 23:43:24] humanize profile idle scroll 1/3: sleep 3.9s
[2026-06-07 23:43:28] profile idle scroll 2/3: {'tag': 'DIV', 'cls': 'parent-route-container tmAgOewN route-scroll-container LYhLJEMy', 'scrollTop': 1705, 'scrollHeight': 4175, 'clientHeight': 822, 'amount': 773}
[2026-06-07 23:43:28] humanize profile idle scroll 2/3: sleep 3.3s
[2026-06-07 23:43:31] profile idle scroll 3/3: {'tag': 'DIV', 'cls': 'parent-route-container tmAgOewN route-scroll-container LYhLJEMy', 'scrollTop': 899, 'scrollHeight': 4175, 'clientHeight': 822, 'amount': -806}
[2026-06-07 23:43:31] humanize profile idle scroll 3/3: sleep 7.8s
[2026-06-07 23:43:37] keep-awake enabled with SetThreadExecutionState
[2026-06-07 23:43:39] humanize profile idle reading: sleep 8.3s
[2026-06-07 23:43:47] humanize before opening video: sleep 3.7s
[2026-06-07 23:43:54] humanize video reading: sleep 3.1s
[2026-06-07 23:43:57] video 28 rows=1 status=ok
[2026-06-07 23:43:57] checkpoint wrote Excel rows=28: C:\Users\Junzhang\Desktop\全自动混剪项目升级版\douyin_creator_tracker\outputs\creator_20260607_232705.xlsx
[2026-06-07 23:43:57] collecting profile 1/1 video 29/74: 7637809865952024443
[2026-06-07 23:44:00] profile idle scroll 1/3: {'tag': 'DIV', 'cls': 'parent-route-container tmAgOewN route-scroll-container LYhLJEMy', 'scrollTop': 0, 'scrollHeight': 1833, 'clientHeight': 822, 'amount': -729}
[2026-06-07 23:44:00] humanize profile idle scroll 1/3: sleep 5.4s
[2026-06-07 23:44:06] profile idle scroll 2/3: {'tag': 'DIV', 'cls': 'parent-route-container tmAgOewN route-scroll-container LYhLJEMy', 'scrollTop': 0, 'scrollHeight': 3395, 'clientHeight': 822, 'amount': -709}
[2026-06-07 23:44:06] humanize profile idle scroll 2/3: sleep 4.1s
[2026-06-07 23:44:10] profile idle scroll 3/3: {'tag': 'DIV', 'cls': 'parent-route-container tmAgOewN route-scroll-container LYhLJEMy', 'scrollTop': 0, 'scrollHeight': 3395, 'clientHeight': 822, 'amount': -824}
[2026-06-07 23:44:10] humanize profile idle scroll 3/3: sleep 6.5s
[2026-06-07 23:44:16] humanize profile idle reading: sleep 6.0s
[2026-06-07 23:44:22] keep-awake enabled with SetThreadExecutionState
[2026-06-07 23:44:22] humanize before opening video: sleep 6.8s
[2026-06-07 23:44:32] humanize video reading: sleep 3.8s
[2026-06-07 23:44:40] video 29 rows=1 status=partial_product_not_exposed
[2026-06-07 23:44:40] checkpoint wrote Excel rows=29: C:\Users\Junzhang\Desktop\全自动混剪项目升级版\douyin_creator_tracker\outputs\creator_20260607_232705.xlsx
[2026-06-07 23:44:40] collecting profile 1/1 video 30/74: 7637726345887321595
[2026-06-07 23:44:43] profile idle scroll 1/3: {'tag': 'DIV', 'cls': 'parent-route-container tmAgOewN route-scroll-container LYhLJEMy', 'scrollTop': 769, 'scrollHeight': 2614, 'clientHeight': 822, 'amount': 769}
[2026-06-07 23:44:43] humanize profile idle scroll 1/3: sleep 7.8s
[2026-06-07 23:44:51] profile idle scroll 2/3: {'tag': 'DIV', 'cls': 'parent-route-container tmAgOewN route-scroll-container LYhLJEMy', 'scrollTop': 70, 'scrollHeight': 4175, 'clientHeight': 822, 'amount': -699}
[2026-06-07 23:44:51] humanize profile idle scroll 2/3: sleep 4.0s
[2026-06-07 23:44:55] profile idle scroll 3/3: {'tag': 'DIV', 'cls': 'parent-route-container tmAgOewN route-scroll-container LYhLJEMy', 'scrollTop': 961, 'scrollHeight': 4175, 'clientHeight': 822, 'amount': 891}
[2026-06-07 23:44:55] humanize profile idle scroll 3/3: sleep 6.1s
[2026-06-07 23:45:01] humanize before opening video: sleep 3.6s
[2026-06-07 23:45:07] keep-awake enabled with SetThreadExecutionState
[2026-06-07 23:45:07] humanize video reading: sleep 3.9s
[2026-06-07 23:45:12] video 30 rows=1 status=ok_no_product_detected
[2026-06-07 23:45:12] checkpoint wrote Excel rows=30: C:\Users\Junzhang\Desktop\全自动混剪项目升级版\douyin_creator_tracker\outputs\creator_20260607_232705.xlsx
[2026-06-07 23:45:12] collecting profile 1/1 video 31/74: 7637459508126478777
[2026-06-07 23:45:14] profile idle scroll 1/1: {'tag': 'DIV', 'cls': 'parent-route-container tmAgOewN route-scroll-container LYhLJEMy', 'scrollTop': 798, 'scrollHeight': 2614, 'clientHeight': 822, 'amount': 798}
[2026-06-07 23:45:14] humanize profile idle scroll 1/1: sleep 7.1s
[2026-06-07 23:45:22] humanize profile idle reading: sleep 4.6s
[2026-06-07 23:45:26] humanize before opening video: sleep 6.0s
[2026-06-07 23:45:35] humanize video reading: sleep 4.6s
[2026-06-07 23:45:40] video 31 rows=1 status=ok
[2026-06-07 23:45:40] checkpoint wrote Excel rows=31: C:\Users\Junzhang\Desktop\全自动混剪项目升级版\douyin_creator_tracker\outputs\creator_20260607_232705.xlsx
[2026-06-07 23:45:40] collecting profile 1/1 video 32/74: 7637459075840558073
[2026-06-07 23:45:43] profile idle scroll 1/1: {'tag': 'DIV', 'cls': 'parent-route-container tmAgOewN route-scroll-container LYhLJEMy', 'scrollTop': 868, 'scrollHeight': 1833, 'clientHeight': 822, 'amount': 868}
[2026-06-07 23:45:43] humanize profile idle scroll 1/1: sleep 8.2s
[2026-06-07 23:45:51] humanize before opening video: sleep 6.6s
[2026-06-07 23:45:52] keep-awake enabled with SetThreadExecutionState
[2026-06-07 23:46:01] humanize video reading: sleep 4.4s
[2026-06-07 23:46:06] video 32 rows=1 status=ok
[2026-06-07 23:46:06] checkpoint wrote Excel rows=32: C:\Users\Junzhang\Desktop\全自动混剪项目升级版\douyin_creator_tracker\outputs\creator_20260607_232705.xlsx
[2026-06-07 23:46:06] collecting profile 1/1 video 33/74: 7637458977651578235
[2026-06-07 23:46:08] profile idle scroll 1/3: {'tag': 'DIV', 'cls': 'parent-route-container tmAgOewN route-scroll-container LYhLJEMy', 'scrollTop': 0, 'scrollHeight': 2614, 'clientHeight': 822, 'amount': -667}
[2026-06-07 23:46:08] humanize profile idle scroll 1/3: sleep 6.6s
[2026-06-07 23:46:15] profile idle scroll 2/3: {'tag': 'DIV', 'cls': 'parent-route-container tmAgOewN route-scroll-container LYhLJEMy', 'scrollTop': 807, 'scrollHeight': 2614, 'clientHeight': 822, 'amount': 807}
[2026-06-07 23:46:15] humanize profile idle scroll 2/3: sleep 4.8s
[2026-06-07 23:46:20] profile idle scroll 3/3: {'tag': 'DIV', 'cls': 'parent-route-container tmAgOewN route-scroll-container LYhLJEMy', 'scrollTop': 1555, 'scrollHeight': 4175, 'clientHeight': 822, 'amount': 748}
[2026-06-07 23:46:20] humanize profile idle scroll 3/3: sleep 4.3s
[2026-06-07 23:46:24] humanize before opening video: sleep 3.3s
[2026-06-07 23:46:30] humanize video reading: sleep 3.3s
[2026-06-07 23:46:34] video 33 rows=1 status=ok
[2026-06-07 23:46:34] checkpoint wrote Excel rows=33: C:\Users\Junzhang\Desktop\全自动混剪项目升级版\douyin_creator_tracker\outputs\creator_20260607_232705.xlsx
[2026-06-07 23:46:34] collecting profile 1/1 video 34/74: 7637458369762615653
[2026-06-07 23:46:37] keep-awake enabled with SetThreadExecutionState
[2026-06-07 23:46:37] profile idle scroll 1/2: {'tag': 'DIV', 'cls': 'parent-route-container tmAgOewN route-scroll-container LYhLJEMy', 'scrollTop': 0, 'scrollHeight': 1833, 'clientHeight': 822, 'amount': -827}
[2026-06-07 23:46:37] humanize profile idle scroll 1/2: sleep 6.4s
[2026-06-07 23:46:44] profile idle scroll 2/2: {'tag': 'DIV', 'cls': 'parent-route-container tmAgOewN route-scroll-container LYhLJEMy', 'scrollTop': 878, 'scrollHeight': 3395, 'clientHeight': 822, 'amount': 878}
[2026-06-07 23:46:44] humanize profile idle scroll 2/2: sleep 8.2s
[2026-06-07 23:46:52] humanize before opening video: sleep 8.8s
[2026-06-07 23:47:03] humanize video reading: sleep 3.6s
[2026-06-07 23:47:08] video 34 rows=1 status=ok
[2026-06-07 23:47:08] checkpoint wrote Excel rows=34: C:\Users\Junzhang\Desktop\全自动混剪项目升级版\douyin_creator_tracker\outputs\creator_20260607_232705.xlsx
[2026-06-07 23:47:08] collecting profile 1/1 video 35/74: 7637457773647115195
[2026-06-07 23:47:10] profile idle scroll 1/3: {'tag': 'DIV', 'cls': 'parent-route-container tmAgOewN route-scroll-container LYhLJEMy', 'scrollTop': 0, 'scrollHeight': 1833, 'clientHeight': 822, 'amount': -758}
[2026-06-07 23:47:10] humanize profile idle scroll 1/3: sleep 4.6s
[2026-06-07 23:47:15] profile idle scroll 2/3: {'tag': 'DIV', 'cls': 'parent-route-container tmAgOewN route-scroll-container LYhLJEMy', 'scrollTop': 0, 'scrollHeight': 3395, 'clientHeight': 822, 'amount': -885}
[2026-06-07 23:47:15] humanize profile idle scroll 2/3: sleep 6.1s
[2026-06-07 23:47:21] profile idle scroll 3/3: {'tag': 'DIV', 'cls': 'parent-route-container tmAgOewN route-scroll-container LYhLJEMy', 'scrollTop': 915, 'scrollHeight': 3395, 'clientHeight': 822, 'amount': 915}
[2026-06-07 23:47:21] humanize profile idle scroll 3/3: sleep 4.7s
[2026-06-07 23:47:22] keep-awake enabled with SetThreadExecutionState
[2026-06-07 23:47:26] humanize profile idle reading: sleep 3.4s
[2026-06-07 23:47:29] humanize before opening video: sleep 4.6s
[2026-06-07 23:47:37] humanize video reading: sleep 3.8s
[2026-06-07 23:47:41] video 35 rows=1 status=ok
[2026-06-07 23:47:41] checkpoint wrote Excel rows=35: C:\Users\Junzhang\Desktop\全自动混剪项目升级版\douyin_creator_tracker\outputs\creator_20260607_232705.xlsx
[2026-06-07 23:47:41] collecting profile 1/1 video 36/74: 7637167250193847921
[2026-06-07 23:47:44] profile idle scroll 1/3: {'tag': 'DIV', 'cls': 'parent-route-container tmAgOewN route-scroll-container LYhLJEMy', 'scrollTop': 737, 'scrollHeight': 2614, 'clientHeight': 822, 'amount': 737}
[2026-06-07 23:47:44] humanize profile idle scroll 1/3: sleep 5.3s
[2026-06-07 23:47:49] profile idle scroll 2/3: {'tag': 'DIV', 'cls': 'parent-route-container tmAgOewN route-scroll-container LYhLJEMy', 'scrollTop': 1677, 'scrollHeight': 3395, 'clientHeight': 822, 'amount': 940}
[2026-06-07 23:47:49] humanize profile idle scroll 2/3: sleep 5.6s
[2026-06-07 23:47:55] profile idle scroll 3/3: {'tag': 'DIV', 'cls': 'parent-route-container tmAgOewN route-scroll-container LYhLJEMy', 'scrollTop': 2375, 'scrollHeight': 4956, 'clientHeight': 822, 'amount': 698}
[2026-06-07 23:47:55] humanize profile idle scroll 3/3: sleep 8.2s
[2026-06-07 23:48:03] humanize profile idle reading: sleep 8.4s
[2026-06-07 23:48:07] keep-awake enabled with SetThreadExecutionState
[2026-06-07 23:48:11] humanize before opening video: sleep 7.4s
[2026-06-07 23:48:22] humanize video reading: sleep 4.7s
[2026-06-07 23:48:27] video 36 rows=1 status=ok
[2026-06-07 23:48:27] checkpoint wrote Excel rows=36: C:\Users\Junzhang\Desktop\全自动混剪项目升级版\douyin_creator_tracker\outputs\creator_20260607_232705.xlsx
[2026-06-07 23:48:27] collecting profile 1/1 video 37/74: 7637166661866753275
[2026-06-07 23:48:30] profile idle scroll 1/3: {'tag': 'DIV', 'cls': 'parent-route-container tmAgOewN route-scroll-container LYhLJEMy', 'scrollTop': 923, 'scrollHeight': 1833, 'clientHeight': 822, 'amount': 923}
[2026-06-07 23:48:30] humanize profile idle scroll 1/3: sleep 7.4s
[2026-06-07 23:48:37] profile idle scroll 2/3: {'tag': 'DIV', 'cls': 'parent-route-container tmAgOewN route-scroll-container LYhLJEMy', 'scrollTop': 107, 'scrollHeight': 4175, 'clientHeight': 822, 'amount': -816}
[2026-06-07 23:48:37] humanize profile idle scroll 2/3: sleep 6.9s
[2026-06-07 23:48:44] profile idle scroll 3/3: {'tag': 'DIV', 'cls': 'parent-route-container tmAgOewN route-scroll-container LYhLJEMy', 'scrollTop': 982, 'scrollHeight': 4175, 'clientHeight': 822, 'amount': 875}
[2026-06-07 23:48:44] humanize profile idle scroll 3/3: sleep 5.3s
[2026-06-07 23:48:49] humanize profile idle reading: sleep 8.8s
[2026-06-07 23:48:52] keep-awake enabled with SetThreadExecutionState
[2026-06-07 23:48:58] humanize before opening video: sleep 8.6s
[2026-06-07 23:49:09] humanize video reading: sleep 3.1s
[2026-06-07 23:49:13] video 37 rows=1 status=ok
[2026-06-07 23:49:13] checkpoint wrote Excel rows=37: C:\Users\Junzhang\Desktop\全自动混剪项目升级版\douyin_creator_tracker\outputs\creator_20260607_232705.xlsx
[2026-06-07 23:49:13] collecting profile 1/1 video 38/74: 7637165961897217210
[2026-06-07 23:49:16] profile idle scroll 1/1: {'tag': 'DIV', 'cls': 'parent-route-container tmAgOewN route-scroll-container LYhLJEMy', 'scrollTop': 783, 'scrollHeight': 2614, 'clientHeight': 822, 'amount': 783}
[2026-06-07 23:49:16] humanize profile idle scroll 1/1: sleep 6.5s
[2026-06-07 23:49:22] humanize before opening video: sleep 4.3s
[2026-06-07 23:49:29] humanize video reading: sleep 3.2s
[2026-06-07 23:49:33] video 38 rows=1 status=ok
[2026-06-07 23:49:33] checkpoint wrote Excel rows=38: C:\Users\Junzhang\Desktop\全自动混剪项目升级版\douyin_creator_tracker\outputs\creator_20260607_232705.xlsx
[2026-06-07 23:49:33] collecting profile 1/1 video 39/74: 7637164749029231546
[2026-06-07 23:49:36] profile idle scroll 1/2: {'tag': 'DIV', 'cls': 'parent-route-container tmAgOewN route-scroll-container LYhLJEMy', 'scrollTop': 722, 'scrollHeight': 2614, 'clientHeight': 822, 'amount': 722}
[2026-06-07 23:49:36] humanize profile idle scroll 1/2: sleep 8.1s
[2026-06-07 23:49:37] keep-awake enabled with SetThreadExecutionState
[2026-06-07 23:49:44] profile idle scroll 2/2: {'tag': 'DIV', 'cls': 'parent-route-container tmAgOewN route-scroll-container LYhLJEMy', 'scrollTop': 0, 'scrollHeight': 3395, 'clientHeight': 822, 'amount': -863}
[2026-06-07 23:49:44] humanize profile idle scroll 2/2: sleep 7.2s
[2026-06-07 23:49:51] humanize profile idle reading: sleep 8.7s
[2026-06-07 23:50:00] humanize before opening video: sleep 8.7s
[2026-06-07 23:50:11] humanize video reading: sleep 3.0s
[2026-06-07 23:50:15] video 39 rows=1 status=ok
[2026-06-07 23:50:15] checkpoint wrote Excel rows=39: C:\Users\Junzhang\Desktop\全自动混剪项目升级版\douyin_creator_tracker\outputs\creator_20260607_232705.xlsx
[2026-06-07 23:50:15] collecting profile 1/1 video 40/74: 7637164620268882811
[2026-06-07 23:50:18] profile idle scroll 1/1: {'tag': 'DIV', 'cls': 'parent-route-container tmAgOewN route-scroll-container LYhLJEMy', 'scrollTop': 763, 'scrollHeight': 1833, 'clientHeight': 822, 'amount': 763}
[2026-06-07 23:50:18] humanize profile idle scroll 1/1: sleep 8.7s
[2026-06-07 23:50:22] keep-awake enabled with SetThreadExecutionState
[2026-06-07 23:50:27] humanize before opening video: sleep 7.0s
[2026-06-07 23:50:37] humanize video reading: sleep 4.5s
[2026-06-07 23:50:42] video 40 rows=1 status=ok
[2026-06-07 23:50:42] checkpoint wrote Excel rows=40: C:\Users\Junzhang\Desktop\全自动混剪项目升级版\douyin_creator_tracker\outputs\creator_20260607_232705.xlsx
[2026-06-07 23:50:42] collecting profile 1/1 video 41/74: 7636802548430982385
[2026-06-07 23:50:44] profile idle scroll 1/2: {'tag': 'DIV', 'cls': 'parent-route-container tmAgOewN route-scroll-container LYhLJEMy', 'scrollTop': 714, 'scrollHeight': 2614, 'clientHeight': 822, 'amount': 714}
[2026-06-07 23:50:44] humanize profile idle scroll 1/2: sleep 5.7s
[2026-06-07 23:50:50] profile idle scroll 2/2: {'tag': 'DIV', 'cls': 'parent-route-container tmAgOewN route-scroll-container LYhLJEMy', 'scrollTop': 1671, 'scrollHeight': 4175, 'clientHeight': 822, 'amount': 957}
[2026-06-07 23:50:50] humanize profile idle scroll 2/2: sleep 7.7s
[2026-06-07 23:50:58] humanize profile idle reading: sleep 7.8s
[2026-06-07 23:51:06] humanize before opening video: sleep 7.9s
[2026-06-07 23:51:07] keep-awake enabled with SetThreadExecutionState
[2026-06-07 23:51:16] humanize video reading: sleep 3.9s
[2026-06-07 23:51:21] video 41 rows=1 status=ok
[2026-06-07 23:51:21] checkpoint wrote Excel rows=41: C:\Users\Junzhang\Desktop\全自动混剪项目升级版\douyin_creator_tracker\outputs\creator_20260607_232705.xlsx
[2026-06-07 23:51:21] collecting profile 1/1 video 42/74: 7636801959466585189
[2026-06-07 23:51:24] profile idle scroll 1/1: {'tag': 'DIV', 'cls': 'parent-route-container tmAgOewN route-scroll-container LYhLJEMy', 'scrollTop': 951, 'scrollHeight': 2614, 'clientHeight': 822, 'amount': 951}
[2026-06-07 23:51:24] humanize profile idle scroll 1/1: sleep 3.4s
[2026-06-07 23:51:28] humanize profile idle reading: sleep 4.0s
[2026-06-07 23:51:32] humanize before opening video: sleep 4.2s
[2026-06-07 23:51:39] humanize video reading: sleep 4.3s
[2026-06-07 23:51:44] video 42 rows=1 status=ok
[2026-06-07 23:51:44] checkpoint wrote Excel rows=42: C:\Users\Junzhang\Desktop\全自动混剪项目升级版\douyin_creator_tracker\outputs\creator_20260607_232705.xlsx
[2026-06-07 23:51:44] collecting profile 1/1 video 43/74: 7636801451507307514
[2026-06-07 23:51:46] profile idle scroll 1/2: {'tag': 'DIV', 'cls': 'parent-route-container tmAgOewN route-scroll-container LYhLJEMy', 'scrollTop': 0, 'scrollHeight': 2614, 'clientHeight': 822, 'amount': -862}
[2026-06-07 23:51:46] humanize profile idle scroll 1/2: sleep 3.8s
[2026-06-07 23:51:50] profile idle scroll 2/2: {'tag': 'DIV', 'cls': 'parent-route-container tmAgOewN route-scroll-container LYhLJEMy', 'scrollTop': 921, 'scrollHeight': 2614, 'clientHeight': 822, 'amount': 921}
[2026-06-07 23:51:50] humanize profile idle scroll 2/2: sleep 5.6s
[2026-06-07 23:51:52] keep-awake enabled with SetThreadExecutionState
[2026-06-07 23:51:56] humanize before opening video: sleep 8.1s
[2026-06-07 23:52:07] humanize video reading: sleep 3.1s
[2026-06-07 23:52:10] video 43 rows=1 status=ok
[2026-06-07 23:52:10] checkpoint wrote Excel rows=43: C:\Users\Junzhang\Desktop\全自动混剪项目升级版\douyin_creator_tracker\outputs\creator_20260607_232705.xlsx
[2026-06-07 23:52:10] collecting profile 1/1 video 44/74: 7636789035810291577
[2026-06-07 23:52:13] profile idle scroll 1/1: {'tag': 'DIV', 'cls': 'parent-route-container tmAgOewN route-scroll-container LYhLJEMy', 'scrollTop': 0, 'scrollHeight': 2614, 'clientHeight': 822, 'amount': -739}
[2026-06-07 23:52:13] humanize profile idle scroll 1/1: sleep 4.1s
[2026-06-07 23:52:17] humanize before opening video: sleep 5.2s
[2026-06-07 23:52:25] humanize video reading: sleep 4.8s
[2026-06-07 23:52:31] video 44 rows=1 status=ok
[2026-06-07 23:52:31] checkpoint wrote Excel rows=44: C:\Users\Junzhang\Desktop\全自动混剪项目升级版\douyin_creator_tracker\outputs\creator_20260607_232705.xlsx
[2026-06-07 23:52:31] collecting profile 1/1 video 45/74: 7636788423193522917
[2026-06-07 23:52:34] profile idle scroll 1/2: {'tag': 'DIV', 'cls': 'parent-route-container tmAgOewN route-scroll-container LYhLJEMy', 'scrollTop': 0, 'scrollHeight': 2595, 'clientHeight': 822, 'amount': -901}
[2026-06-07 23:52:34] humanize profile idle scroll 1/2: sleep 6.4s
[2026-06-07 23:52:37] keep-awake enabled with SetThreadExecutionState
[2026-06-07 23:52:40] profile idle scroll 2/2: {'tag': 'DIV', 'cls': 'parent-route-container tmAgOewN route-scroll-container LYhLJEMy', 'scrollTop': 738, 'scrollHeight': 3376, 'clientHeight': 822, 'amount': 738}
[2026-06-07 23:52:40] humanize profile idle scroll 2/2: sleep 4.6s
[2026-06-07 23:52:45] humanize profile idle reading: sleep 6.1s
[2026-06-07 23:52:51] humanize before opening video: sleep 8.4s
[2026-06-07 23:53:02] humanize video reading: sleep 3.2s
[2026-06-07 23:53:06] video 45 rows=1 status=ok
[2026-06-07 23:53:06] checkpoint wrote Excel rows=45: C:\Users\Junzhang\Desktop\全自动混剪项目升级版\douyin_creator_tracker\outputs\creator_20260607_232705.xlsx
[2026-06-07 23:53:06] collecting profile 1/1 video 46/74: 7630666933641938169
[2026-06-07 23:53:08] profile idle scroll 1/1: {'tag': 'DIV', 'cls': 'parent-route-container tmAgOewN route-scroll-container LYhLJEMy', 'scrollTop': 947, 'scrollHeight': 2614, 'clientHeight': 822, 'amount': 947}
[2026-06-07 23:53:08] humanize profile idle scroll 1/1: sleep 4.3s
[2026-06-07 23:53:13] humanize before opening video: sleep 4.5s
[2026-06-07 23:53:20] humanize video reading: sleep 4.8s
[2026-06-07 23:53:22] keep-awake enabled with SetThreadExecutionState
[2026-06-07 23:53:25] video 46 rows=1 status=ok
[2026-06-07 23:53:25] checkpoint wrote Excel rows=46: C:\Users\Junzhang\Desktop\全自动混剪项目升级版\douyin_creator_tracker\outputs\creator_20260607_232705.xlsx
[2026-06-07 23:53:25] collecting profile 1/1 video 47/74: 7630666627151132069
[2026-06-07 23:53:28] profile idle scroll 1/2: {'tag': 'DIV', 'cls': 'parent-route-container tmAgOewN route-scroll-container LYhLJEMy', 'scrollTop': 0, 'scrollHeight': 2614, 'clientHeight': 822, 'amount': -920}
[2026-06-07 23:53:28] humanize profile idle scroll 1/2: sleep 8.5s
[2026-06-07 23:53:37] profile idle scroll 2/2: {'tag': 'DIV', 'cls': 'parent-route-container tmAgOewN route-scroll-container LYhLJEMy', 'scrollTop': 670, 'scrollHeight': 2614, 'clientHeight': 822, 'amount': 670}
[2026-06-07 23:53:37] humanize profile idle scroll 2/2: sleep 6.3s
[2026-06-07 23:53:43] humanize profile idle reading: sleep 4.8s
[2026-06-07 23:53:48] humanize before opening video: sleep 5.6s
[2026-06-07 23:53:56] humanize video reading: sleep 3.8s
[2026-06-07 23:54:00] video 47 rows=1 status=ok
[2026-06-07 23:54:00] checkpoint wrote Excel rows=47: C:\Users\Junzhang\Desktop\全自动混剪项目升级版\douyin_creator_tracker\outputs\creator_20260607_232705.xlsx
[2026-06-07 23:54:00] collecting profile 1/1 video 48/74: 7630666240982546097
[2026-06-07 23:54:03] profile idle scroll 1/3: {'tag': 'DIV', 'cls': 'parent-route-container tmAgOewN route-scroll-container LYhLJEMy', 'scrollTop': 842, 'scrollHeight': 2614, 'clientHeight': 822, 'amount': 842}
[2026-06-07 23:54:03] humanize profile idle scroll 1/3: sleep 4.2s
[2026-06-07 23:54:07] keep-awake enabled with SetThreadExecutionState
[2026-06-07 23:54:07] profile idle scroll 2/3: {'tag': 'DIV', 'cls': 'parent-route-container tmAgOewN route-scroll-container LYhLJEMy', 'scrollTop': 1509, 'scrollHeight': 4175, 'clientHeight': 822, 'amount': 667}
[2026-06-07 23:54:07] humanize profile idle scroll 2/3: sleep 4.2s
[2026-06-07 23:54:12] profile idle scroll 3/3: {'tag': 'DIV', 'cls': 'parent-route-container tmAgOewN route-scroll-container LYhLJEMy', 'scrollTop': 798, 'scrollHeight': 4175, 'clientHeight': 822, 'amount': -711}
[2026-06-07 23:54:12] humanize profile idle scroll 3/3: sleep 6.2s
[2026-06-07 23:54:18] humanize profile idle reading: sleep 3.6s
[2026-06-07 23:54:21] humanize before opening video: sleep 8.0s
[2026-06-07 23:54:32] humanize video reading: sleep 4.0s
[2026-06-07 23:54:37] video 48 rows=1 status=ok
[2026-06-07 23:54:37] checkpoint wrote Excel rows=48: C:\Users\Junzhang\Desktop\全自动混剪项目升级版\douyin_creator_tracker\outputs\creator_20260607_232705.xlsx
[2026-06-07 23:54:37] collecting profile 1/1 video 49/74: 7630665780581046449
[2026-06-07 23:54:40] profile idle scroll 1/1: {'tag': 'DIV', 'cls': 'parent-route-container tmAgOewN route-scroll-container LYhLJEMy', 'scrollTop': 842, 'scrollHeight': 1833, 'clientHeight': 822, 'amount': 842}
[2026-06-07 23:54:40] humanize profile idle scroll 1/1: sleep 5.5s
[2026-06-07 23:54:45] humanize profile idle reading: sleep 7.4s
[2026-06-07 23:54:52] keep-awake enabled with SetThreadExecutionState
[2026-06-07 23:54:53] humanize before opening video: sleep 8.7s
[2026-06-07 23:55:04] humanize video reading: sleep 3.5s
[2026-06-07 23:55:09] video 49 rows=1 status=ok
[2026-06-07 23:55:09] checkpoint wrote Excel rows=49: C:\Users\Junzhang\Desktop\全自动混剪项目升级版\douyin_creator_tracker\outputs\creator_20260607_232705.xlsx
[2026-06-07 23:55:09] collecting profile 1/1 video 50/74: 7629861987703770811
[2026-06-07 23:55:11] profile idle scroll 1/3: {'tag': 'DIV', 'cls': 'parent-route-container tmAgOewN route-scroll-container LYhLJEMy', 'scrollTop': 904, 'scrollHeight': 2614, 'clientHeight': 822, 'amount': 904}
[2026-06-07 23:55:11] humanize profile idle scroll 1/3: sleep 5.5s
[2026-06-07 23:55:17] profile idle scroll 2/3: {'tag': 'DIV', 'cls': 'parent-route-container tmAgOewN route-scroll-container LYhLJEMy', 'scrollTop': 53, 'scrollHeight': 4175, 'clientHeight': 822, 'amount': -851}
[2026-06-07 23:55:17] humanize profile idle scroll 2/3: sleep 3.3s
[2026-06-07 23:55:20] profile idle scroll 3/3: {'tag': 'DIV', 'cls': 'parent-route-container tmAgOewN route-scroll-container LYhLJEMy', 'scrollTop': 0, 'scrollHeight': 4175, 'clientHeight': 822, 'amount': -704}
[2026-06-07 23:55:20] humanize profile idle scroll 3/3: sleep 5.7s
[2026-06-07 23:55:26] humanize before opening video: sleep 4.5s
[2026-06-07 23:55:33] humanize video reading: sleep 4.8s
[2026-06-07 23:55:37] keep-awake enabled with SetThreadExecutionState
[2026-06-07 23:55:39] video 50 rows=1 status=ok
[2026-06-07 23:55:39] checkpoint wrote Excel rows=50: C:\Users\Junzhang\Desktop\全自动混剪项目升级版\douyin_creator_tracker\outputs\creator_20260607_232705.xlsx
[2026-06-07 23:55:39] collecting profile 1/1 video 51/74: 7629861777274746298
[2026-06-07 23:55:41] profile idle scroll 1/3: {'tag': 'DIV', 'cls': 'parent-route-container tmAgOewN route-scroll-container LYhLJEMy', 'scrollTop': 683, 'scrollHeight': 2614, 'clientHeight': 822, 'amount': 683}
[2026-06-07 23:55:41] humanize profile idle scroll 1/3: sleep 5.0s
[2026-06-07 23:55:46] profile idle scroll 2/3: {'tag': 'DIV', 'cls': 'parent-route-container tmAgOewN route-scroll-container LYhLJEMy', 'scrollTop': 1602, 'scrollHeight': 3395, 'clientHeight': 822, 'amount': 919}
[2026-06-07 23:55:46] humanize profile idle scroll 2/3: sleep 6.8s
[2026-06-07 23:55:53] profile idle scroll 3/3: {'tag': 'DIV', 'cls': 'parent-route-container tmAgOewN route-scroll-container LYhLJEMy', 'scrollTop': 829, 'scrollHeight': 4956, 'clientHeight': 822, 'amount': -773}
[2026-06-07 23:55:53] humanize profile idle scroll 3/3: sleep 5.6s
[2026-06-07 23:55:59] humanize before opening video: sleep 6.9s
[2026-06-07 23:56:08] humanize video reading: sleep 3.9s
[2026-06-07 23:56:13] video 51 rows=1 status=ok
[2026-06-07 23:56:13] checkpoint wrote Excel rows=51: C:\Users\Junzhang\Desktop\全自动混剪项目升级版\douyin_creator_tracker\outputs\creator_20260607_232705.xlsx
[2026-06-07 23:56:13] collecting profile 1/1 video 52/74: 7629861400051633083
[2026-06-07 23:56:16] profile idle scroll 1/2: {'tag': 'DIV', 'cls': 'parent-route-container tmAgOewN route-scroll-container LYhLJEMy', 'scrollTop': 678, 'scrollHeight': 2614, 'clientHeight': 822, 'amount': 678}
[2026-06-07 23:56:16] humanize profile idle scroll 1/2: sleep 6.4s
[2026-06-07 23:56:22] keep-awake enabled with SetThreadExecutionState
[2026-06-07 23:56:22] profile idle scroll 2/2: {'tag': 'DIV', 'cls': 'parent-route-container tmAgOewN route-scroll-container LYhLJEMy', 'scrollTop': 1466, 'scrollHeight': 4175, 'clientHeight': 822, 'amount': 788}
[2026-06-07 23:56:22] humanize profile idle scroll 2/2: sleep 3.3s
[2026-06-07 23:56:26] humanize before opening video: sleep 8.1s
[2026-06-07 23:56:36] humanize video reading: sleep 4.7s
[2026-06-07 23:56:42] video 52 rows=1 status=ok
[2026-06-07 23:56:42] checkpoint wrote Excel rows=52: C:\Users\Junzhang\Desktop\全自动混剪项目升级版\douyin_creator_tracker\outputs\creator_20260607_232705.xlsx
[2026-06-07 23:56:42] collecting profile 1/1 video 53/74: 7629861203627686010
[2026-06-07 23:56:44] profile idle scroll 1/1: {'tag': 'DIV', 'cls': 'parent-route-container tmAgOewN route-scroll-container LYhLJEMy', 'scrollTop': 678, 'scrollHeight': 2614, 'clientHeight': 822, 'amount': 678}
[2026-06-07 23:56:44] humanize profile idle scroll 1/1: sleep 6.9s
[2026-06-07 23:56:51] humanize profile idle reading: sleep 4.0s
[2026-06-07 23:56:55] humanize before opening video: sleep 7.4s
[2026-06-07 23:57:06] humanize video reading: sleep 3.5s
[2026-06-07 23:57:07] keep-awake enabled with SetThreadExecutionState
[2026-06-07 23:57:10] video 53 rows=1 status=ok
[2026-06-07 23:57:10] checkpoint wrote Excel rows=53: C:\Users\Junzhang\Desktop\全自动混剪项目升级版\douyin_creator_tracker\outputs\creator_20260607_232705.xlsx
[2026-06-07 23:57:10] collecting profile 1/1 video 54/74: 7629860791214463161
[2026-06-07 23:57:12] profile idle scroll 1/2: {'tag': 'DIV', 'cls': 'parent-route-container tmAgOewN route-scroll-container LYhLJEMy', 'scrollTop': 0, 'scrollHeight': 1713, 'clientHeight': 822, 'amount': -777}
[2026-06-07 23:57:12] humanize profile idle scroll 1/2: sleep 8.6s
[2026-06-07 23:57:21] profile idle scroll 2/2: {'tag': 'DIV', 'cls': 'parent-route-container tmAgOewN route-scroll-container LYhLJEMy', 'scrollTop': 0, 'scrollHeight': 2614, 'clientHeight': 822, 'amount': -855}
[2026-06-07 23:57:21] humanize profile idle scroll 2/2: sleep 8.7s
[2026-06-07 23:57:29] humanize before opening video: sleep 3.8s
[2026-06-07 23:57:36] humanize video reading: sleep 4.2s
[2026-06-07 23:57:40] video 54 rows=1 status=ok
[2026-06-07 23:57:40] checkpoint wrote Excel rows=54: C:\Users\Junzhang\Desktop\全自动混剪项目升级版\douyin_creator_tracker\outputs\creator_20260607_232705.xlsx
[2026-06-07 23:57:40] collecting profile 1/1 video 55/74: 7629645214702216891
[2026-06-07 23:57:43] profile idle scroll 1/1: {'tag': 'DIV', 'cls': 'parent-route-container tmAgOewN route-scroll-container LYhLJEMy', 'scrollTop': 0, 'scrollHeight': 2614, 'clientHeight': 822, 'amount': -857}
[2026-06-07 23:57:43] humanize profile idle scroll 1/1: sleep 8.7s
[2026-06-07 23:57:52] keep-awake enabled with SetThreadExecutionState
[2026-06-07 23:57:52] humanize profile idle reading: sleep 8.6s
[2026-06-07 23:58:01] humanize before opening video: sleep 4.8s
[2026-06-07 23:58:08] humanize video reading: sleep 3.5s
[2026-06-07 23:58:12] video 55 rows=1 status=ok
[2026-06-07 23:58:12] checkpoint wrote Excel rows=55: C:\Users\Junzhang\Desktop\全自动混剪项目升级版\douyin_creator_tracker\outputs\creator_20260607_232705.xlsx
[2026-06-07 23:58:12] collecting profile 1/1 video 56/74: 7629643971631793649
[2026-06-07 23:58:15] profile idle scroll 1/3: {'tag': 'DIV', 'cls': 'parent-route-container tmAgOewN route-scroll-container LYhLJEMy', 'scrollTop': 0, 'scrollHeight': 2614, 'clientHeight': 822, 'amount': -680}
[2026-06-07 23:58:15] humanize profile idle scroll 1/3: sleep 7.4s
[2026-06-07 23:58:22] profile idle scroll 2/3: {'tag': 'DIV', 'cls': 'parent-route-container tmAgOewN route-scroll-container LYhLJEMy', 'scrollTop': 0, 'scrollHeight': 3395, 'clientHeight': 822, 'amount': -927}
[2026-06-07 23:58:22] humanize profile idle scroll 2/3: sleep 7.0s
[2026-06-07 23:58:29] profile idle scroll 3/3: {'tag': 'DIV', 'cls': 'parent-route-container tmAgOewN route-scroll-container LYhLJEMy', 'scrollTop': 0, 'scrollHeight': 3395, 'clientHeight': 822, 'amount': -902}
[2026-06-07 23:58:29] humanize profile idle scroll 3/3: sleep 6.8s
[2026-06-07 23:58:36] humanize before opening video: sleep 3.0s
[2026-06-07 23:58:37] keep-awake enabled with SetThreadExecutionState
[2026-06-07 23:58:42] humanize video reading: sleep 4.2s
[2026-06-07 23:58:47] video 56 rows=1 status=ok
[2026-06-07 23:58:47] checkpoint wrote Excel rows=56: C:\Users\Junzhang\Desktop\全自动混剪项目升级版\douyin_creator_tracker\outputs\creator_20260607_232705.xlsx
[2026-06-07 23:58:47] collecting profile 1/1 video 57/74: 7629643427776819557
[2026-06-07 23:58:50] profile idle scroll 1/3: {'tag': 'DIV', 'cls': 'parent-route-container tmAgOewN route-scroll-container LYhLJEMy', 'scrollTop': 0, 'scrollHeight': 2614, 'clientHeight': 822, 'amount': -921}
[2026-06-07 23:58:50] humanize profile idle scroll 1/3: sleep 8.9s
[2026-06-07 23:58:59] profile idle scroll 2/3: {'tag': 'DIV', 'cls': 'parent-route-container tmAgOewN route-scroll-container LYhLJEMy', 'scrollTop': 935, 'scrollHeight': 3395, 'clientHeight': 822, 'amount': 935}
[2026-06-07 23:58:59] humanize profile idle scroll 2/3: sleep 8.7s
[2026-06-07 23:59:08] profile idle scroll 3/3: {'tag': 'DIV', 'cls': 'parent-route-container tmAgOewN route-scroll-container LYhLJEMy', 'scrollTop': 1826, 'scrollHeight': 3395, 'clientHeight': 822, 'amount': 891}
[2026-06-07 23:59:08] humanize profile idle scroll 3/3: sleep 8.9s
[2026-06-07 23:59:17] humanize before opening video: sleep 6.5s
[2026-06-07 23:59:22] keep-awake enabled with SetThreadExecutionState
[2026-06-07 23:59:26] humanize video reading: sleep 4.0s
[2026-06-07 23:59:30] video 57 rows=1 status=ok
[2026-06-07 23:59:30] checkpoint wrote Excel rows=57: C:\Users\Junzhang\Desktop\全自动混剪项目升级版\douyin_creator_tracker\outputs\creator_20260607_232705.xlsx
[2026-06-07 23:59:30] collecting profile 1/1 video 58/74: 7629642335655797873
[2026-06-07 23:59:33] profile idle scroll 1/3: {'tag': 'DIV', 'cls': 'parent-route-container tmAgOewN route-scroll-container LYhLJEMy', 'scrollTop': 708, 'scrollHeight': 1833, 'clientHeight': 822, 'amount': 708}
[2026-06-07 23:59:33] humanize profile idle scroll 1/3: sleep 8.3s
[2026-06-07 23:59:41] profile idle scroll 2/3: {'tag': 'DIV', 'cls': 'parent-route-container tmAgOewN route-scroll-container LYhLJEMy', 'scrollTop': 0, 'scrollHeight': 4175, 'clientHeight': 822, 'amount': -961}
[2026-06-07 23:59:41] humanize profile idle scroll 2/3: sleep 3.7s
[2026-06-07 23:59:45] profile idle scroll 3/3: {'tag': 'DIV', 'cls': 'parent-route-container tmAgOewN route-scroll-container LYhLJEMy', 'scrollTop': 851, 'scrollHeight': 4175, 'clientHeight': 822, 'amount': 851}
[2026-06-07 23:59:45] humanize profile idle scroll 3/3: sleep 3.4s
[2026-06-07 23:59:49] humanize profile idle reading: sleep 6.7s
[2026-06-07 23:59:55] humanize before opening video: sleep 4.4s
[2026-06-08 00:00:03] humanize video reading: sleep 4.1s
[2026-06-08 00:00:07] keep-awake enabled with SetThreadExecutionState
[2026-06-08 00:00:08] video 58 rows=1 status=ok
[2026-06-08 00:00:08] checkpoint wrote Excel rows=58: C:\Users\Junzhang\Desktop\全自动混剪项目升级版\douyin_creator_tracker\outputs\creator_20260607_232705.xlsx
[2026-06-08 00:00:08] collecting profile 1/1 video 59/74: 7629642145738058617
[2026-06-08 00:00:10] profile idle scroll 1/3: {'tag': 'DIV', 'cls': 'parent-route-container tmAgOewN route-scroll-container LYhLJEMy', 'scrollTop': 942, 'scrollHeight': 1833, 'clientHeight': 822, 'amount': 942}
[2026-06-08 00:00:11] humanize profile idle scroll 1/3: sleep 8.1s
[2026-06-08 00:00:19] profile idle scroll 2/3: {'tag': 'DIV', 'cls': 'parent-route-container tmAgOewN route-scroll-container LYhLJEMy', 'scrollTop': 80, 'scrollHeight': 3395, 'clientHeight': 822, 'amount': -862}
[2026-06-08 00:00:19] humanize profile idle scroll 2/3: sleep 3.7s
[2026-06-08 00:00:22] profile idle scroll 3/3: {'tag': 'DIV', 'cls': 'parent-route-container tmAgOewN route-scroll-container LYhLJEMy', 'scrollTop': 0, 'scrollHeight': 3395, 'clientHeight': 822, 'amount': -827}
[2026-06-08 00:00:22] humanize profile idle scroll 3/3: sleep 8.0s
[2026-06-08 00:00:30] humanize before opening video: sleep 6.1s
[2026-06-08 00:00:39] humanize video reading: sleep 4.1s
[2026-06-08 00:00:44] video 59 rows=1 status=ok
[2026-06-08 00:00:44] checkpoint wrote Excel rows=59: C:\Users\Junzhang\Desktop\全自动混剪项目升级版\douyin_creator_tracker\outputs\creator_20260607_232705.xlsx
[2026-06-08 00:00:44] collecting profile 1/1 video 60/74: 7629361387949673209
[2026-06-08 00:00:47] profile idle scroll 1/3: {'tag': 'DIV', 'cls': 'parent-route-container tmAgOewN route-scroll-container LYhLJEMy', 'scrollTop': 0, 'scrollHeight': 2494, 'clientHeight': 822, 'amount': -699}
[2026-06-08 00:00:47] humanize profile idle scroll 1/3: sleep 8.7s
[2026-06-08 00:00:52] keep-awake enabled with SetThreadExecutionState
[2026-06-08 00:00:56] profile idle scroll 2/3: {'tag': 'DIV', 'cls': 'parent-route-container tmAgOewN route-scroll-container LYhLJEMy', 'scrollTop': 835, 'scrollHeight': 2614, 'clientHeight': 822, 'amount': 835}
[2026-06-08 00:00:56] humanize profile idle scroll 2/3: sleep 3.9s
[2026-06-08 00:00:59] profile idle scroll 3/3: {'tag': 'DIV', 'cls': 'parent-route-container tmAgOewN route-scroll-container LYhLJEMy', 'scrollTop': 1573, 'scrollHeight': 4175, 'clientHeight': 822, 'amount': 738}
[2026-06-08 00:00:59] humanize profile idle scroll 3/3: sleep 7.7s
[2026-06-08 00:01:07] humanize profile idle reading: sleep 8.4s
[2026-06-08 00:01:16] humanize before opening video: sleep 3.1s
[2026-06-08 00:01:21] humanize video reading: sleep 4.0s
[2026-06-08 00:01:26] video 60 rows=1 status=ok
[2026-06-08 00:01:26] checkpoint wrote Excel rows=60: C:\Users\Junzhang\Desktop\全自动混剪项目升级版\douyin_creator_tracker\outputs\creator_20260607_232705.xlsx
[2026-06-08 00:01:26] collecting profile 1/1 video 61/74: 7629360597596453797
[2026-06-08 00:01:29] profile idle scroll 1/3: {'tag': 'DIV', 'cls': 'parent-route-container tmAgOewN route-scroll-container LYhLJEMy', 'scrollTop': 693, 'scrollHeight': 1833, 'clientHeight': 822, 'amount': 693}
[2026-06-08 00:01:29] humanize profile idle scroll 1/3: sleep 8.8s
[2026-06-08 00:01:37] keep-awake enabled with SetThreadExecutionState
[2026-06-08 00:01:37] profile idle scroll 2/3: {'tag': 'DIV', 'cls': 'parent-route-container tmAgOewN route-scroll-container LYhLJEMy', 'scrollTop': 1658, 'scrollHeight': 4175, 'clientHeight': 822, 'amount': 965}
[2026-06-08 00:01:37] humanize profile idle scroll 2/3: sleep 5.2s
[2026-06-08 00:01:43] profile idle scroll 3/3: {'tag': 'DIV', 'cls': 'parent-route-container tmAgOewN route-scroll-container LYhLJEMy', 'scrollTop': 2617, 'scrollHeight': 4175, 'clientHeight': 822, 'amount': 959}
[2026-06-08 00:01:43] humanize profile idle scroll 3/3: sleep 8.9s
[2026-06-08 00:01:52] humanize before opening video: sleep 5.5s
[2026-06-08 00:02:00] humanize video reading: sleep 4.6s
[2026-06-08 00:02:05] video 61 rows=1 status=ok
[2026-06-08 00:02:05] checkpoint wrote Excel rows=61: C:\Users\Junzhang\Desktop\全自动混剪项目升级版\douyin_creator_tracker\outputs\creator_20260607_232705.xlsx
[2026-06-08 00:02:05] collecting profile 1/1 video 62/74: 7629359850153923067
[2026-06-08 00:02:08] profile idle scroll 1/2: {'tag': 'DIV', 'cls': 'parent-route-container tmAgOewN route-scroll-container LYhLJEMy', 'scrollTop': 890, 'scrollHeight': 1833, 'clientHeight': 822, 'amount': 890}
[2026-06-08 00:02:08] humanize profile idle scroll 1/2: sleep 5.5s
[2026-06-08 00:02:14] profile idle scroll 2/2: {'tag': 'DIV', 'cls': 'parent-route-container tmAgOewN route-scroll-container LYhLJEMy', 'scrollTop': 65, 'scrollHeight': 4175, 'clientHeight': 822, 'amount': -927}
[2026-06-08 00:02:14] humanize profile idle scroll 2/2: sleep 5.2s
[2026-06-08 00:02:19] humanize before opening video: sleep 4.7s
[2026-06-08 00:02:22] keep-awake enabled with SetThreadExecutionState
[2026-06-08 00:02:27] humanize video reading: sleep 3.3s
[2026-06-08 00:02:31] video 62 rows=1 status=ok
[2026-06-08 00:02:31] checkpoint wrote Excel rows=62: C:\Users\Junzhang\Desktop\全自动混剪项目升级版\douyin_creator_tracker\outputs\creator_20260607_232705.xlsx
[2026-06-08 00:02:31] collecting profile 1/1 video 63/74: 7629322524749532794
[2026-06-08 00:02:33] profile idle scroll 1/1: {'tag': 'DIV', 'cls': 'parent-route-container tmAgOewN route-scroll-container LYhLJEMy', 'scrollTop': 0, 'scrollHeight': 2614, 'clientHeight': 822, 'amount': -666}
[2026-06-08 00:02:33] humanize profile idle scroll 1/1: sleep 8.0s
[2026-06-08 00:02:41] humanize profile idle reading: sleep 3.5s
[2026-06-08 00:02:45] humanize before opening video: sleep 4.8s
[2026-06-08 00:02:52] humanize video reading: sleep 4.9s
[2026-06-08 00:02:58] video 63 rows=1 status=ok
[2026-06-08 00:02:58] checkpoint wrote Excel rows=63: C:\Users\Junzhang\Desktop\全自动混剪项目升级版\douyin_creator_tracker\outputs\creator_20260607_232705.xlsx
[2026-06-08 00:02:58] collecting profile 1/1 video 64/74: 7629321635703300197
[2026-06-08 00:03:01] profile idle scroll 1/3: {'tag': 'DIV', 'cls': 'parent-route-container tmAgOewN route-scroll-container LYhLJEMy', 'scrollTop': 836, 'scrollHeight': 2614, 'clientHeight': 822, 'amount': 836}
[2026-06-08 00:03:01] humanize profile idle scroll 1/3: sleep 3.2s
[2026-06-08 00:03:04] profile idle scroll 2/3: {'tag': 'DIV', 'cls': 'parent-route-container tmAgOewN route-scroll-container LYhLJEMy', 'scrollTop': 0, 'scrollHeight': 4175, 'clientHeight': 822, 'amount': -859}
[2026-06-08 00:03:04] humanize profile idle scroll 2/3: sleep 7.8s
[2026-06-08 00:03:07] keep-awake enabled with SetThreadExecutionState
[2026-06-08 00:03:12] profile idle scroll 3/3: {'tag': 'DIV', 'cls': 'parent-route-container tmAgOewN route-scroll-container LYhLJEMy', 'scrollTop': 0, 'scrollHeight': 4175, 'clientHeight': 822, 'amount': -924}
[2026-06-08 00:03:12] humanize profile idle scroll 3/3: sleep 3.9s
[2026-06-08 00:03:16] humanize profile idle reading: sleep 6.2s
[2026-06-08 00:03:22] humanize before opening video: sleep 5.3s
[2026-06-08 00:03:40] humanize video reading: sleep 4.0s
[2026-06-08 00:03:45] video 64 rows=1 status=ok
[2026-06-08 00:03:46] checkpoint wrote Excel rows=64: C:\Users\Junzhang\Desktop\全自动混剪项目升级版\douyin_creator_tracker\outputs\creator_20260607_232705.xlsx
[2026-06-08 00:03:46] collecting profile 1/1 video 65/74: 7629247436855616890
[2026-06-08 00:03:48] profile idle scroll 1/1: {'tag': 'DIV', 'cls': 'parent-route-container tmAgOewN route-scroll-container LYhLJEMy', 'scrollTop': 0, 'scrollHeight': 1833, 'clientHeight': 822, 'amount': -977}
[2026-06-08 00:03:48] humanize profile idle scroll 1/1: sleep 7.8s
[2026-06-08 00:03:52] keep-awake enabled with SetThreadExecutionState
[2026-06-08 00:03:56] humanize profile idle reading: sleep 8.2s
[2026-06-08 00:04:04] humanize before opening video: sleep 8.5s
[2026-06-08 00:04:16] humanize video reading: sleep 4.6s
[2026-06-08 00:04:21] video 65 rows=1 status=ok_no_product_detected
[2026-06-08 00:04:21] checkpoint wrote Excel rows=65: C:\Users\Junzhang\Desktop\全自动混剪项目升级版\douyin_creator_tracker\outputs\creator_20260607_232705.xlsx
[2026-06-08 00:04:21] collecting profile 1/1 video 66/74: 7628878520576013297
[2026-06-08 00:04:24] profile idle scroll 1/1: {'tag': 'DIV', 'cls': 'parent-route-container tmAgOewN route-scroll-container LYhLJEMy', 'scrollTop': 0, 'scrollHeight': 2614, 'clientHeight': 822, 'amount': -754}
[2026-06-08 00:04:24] humanize profile idle scroll 1/1: sleep 7.6s
[2026-06-08 00:04:31] humanize profile idle reading: sleep 5.3s
[2026-06-08 00:04:37] keep-awake enabled with SetThreadExecutionState
[2026-06-08 00:04:37] humanize before opening video: sleep 3.7s
[2026-06-08 00:04:43] humanize video reading: sleep 4.3s
[2026-06-08 00:04:48] video 66 rows=1 status=ok
[2026-06-08 00:04:48] checkpoint wrote Excel rows=66: C:\Users\Junzhang\Desktop\全自动混剪项目升级版\douyin_creator_tracker\outputs\creator_20260607_232705.xlsx
[2026-06-08 00:04:48] collecting profile 1/1 video 67/74: 7628878251243154609
[2026-06-08 00:04:51] profile idle scroll 1/3: {'tag': 'DIV', 'cls': 'parent-route-container tmAgOewN route-scroll-container LYhLJEMy', 'scrollTop': 683, 'scrollHeight': 2614, 'clientHeight': 822, 'amount': 683}
[2026-06-08 00:04:51] humanize profile idle scroll 1/3: sleep 5.9s
[2026-06-08 00:04:57] profile idle scroll 2/3: {'tag': 'DIV', 'cls': 'parent-route-container tmAgOewN route-scroll-container LYhLJEMy', 'scrollTop': 2, 'scrollHeight': 4175, 'clientHeight': 822, 'amount': -681}
[2026-06-08 00:04:57] humanize profile idle scroll 2/3: sleep 7.1s
[2026-06-08 00:05:04] profile idle scroll 3/3: {'tag': 'DIV', 'cls': 'parent-route-container tmAgOewN route-scroll-container LYhLJEMy', 'scrollTop': 759, 'scrollHeight': 4175, 'clientHeight': 822, 'amount': 757}
[2026-06-08 00:05:04] humanize profile idle scroll 3/3: sleep 5.4s
[2026-06-08 00:05:09] humanize before opening video: sleep 5.6s
[2026-06-08 00:05:18] humanize video reading: sleep 4.5s
[2026-06-08 00:05:22] keep-awake enabled with SetThreadExecutionState
[2026-06-08 00:05:23] video 67 rows=1 status=ok
[2026-06-08 00:05:23] checkpoint wrote Excel rows=67: C:\Users\Junzhang\Desktop\全自动混剪项目升级版\douyin_creator_tracker\outputs\creator_20260607_232705.xlsx
[2026-06-08 00:05:23] collecting profile 1/1 video 68/74: 7628877939778906745
[2026-06-08 00:05:26] profile idle scroll 1/3: {'tag': 'DIV', 'cls': 'parent-route-container tmAgOewN route-scroll-container LYhLJEMy', 'scrollTop': 775, 'scrollHeight': 2614, 'clientHeight': 822, 'amount': 775}
[2026-06-08 00:05:26] humanize profile idle scroll 1/3: sleep 5.9s
[2026-06-08 00:05:32] profile idle scroll 2/3: {'tag': 'DIV', 'cls': 'parent-route-container tmAgOewN route-scroll-container LYhLJEMy', 'scrollTop': 0, 'scrollHeight': 3395, 'clientHeight': 822, 'amount': -846}
[2026-06-08 00:05:32] humanize profile idle scroll 2/3: sleep 7.6s
[2026-06-08 00:05:39] profile idle scroll 3/3: {'tag': 'DIV', 'cls': 'parent-route-container tmAgOewN route-scroll-container LYhLJEMy', 'scrollTop': 970, 'scrollHeight': 3395, 'clientHeight': 822, 'amount': 970}
[2026-06-08 00:05:39] humanize profile idle scroll 3/3: sleep 8.5s
[2026-06-08 00:05:48] humanize before opening video: sleep 8.9s
[2026-06-08 00:06:00] humanize video reading: sleep 3.5s
[2026-06-08 00:06:04] video 68 rows=1 status=ok
[2026-06-08 00:06:04] checkpoint wrote Excel rows=68: C:\Users\Junzhang\Desktop\全自动混剪项目升级版\douyin_creator_tracker\outputs\creator_20260607_232705.xlsx
[2026-06-08 00:06:04] collecting profile 1/1 video 69/74: 7628809452096170682
[2026-06-08 00:06:07] profile idle scroll 1/1: {'tag': 'DIV', 'cls': 'parent-route-container tmAgOewN route-scroll-container LYhLJEMy', 'scrollTop': 825, 'scrollHeight': 2614, 'clientHeight': 822, 'amount': 825}
[2026-06-08 00:06:07] humanize profile idle scroll 1/1: sleep 3.3s
[2026-06-08 00:06:07] keep-awake enabled with SetThreadExecutionState
[2026-06-08 00:06:10] humanize before opening video: sleep 8.6s
[2026-06-08 00:06:21] humanize video reading: sleep 4.1s
[2026-06-08 00:06:26] video 69 rows=1 status=ok
[2026-06-08 00:06:26] checkpoint wrote Excel rows=69: C:\Users\Junzhang\Desktop\全自动混剪项目升级版\douyin_creator_tracker\outputs\creator_20260607_232705.xlsx
[2026-06-08 00:06:26] collecting profile 1/1 video 70/74: 7628808597870724773
[2026-06-08 00:06:29] profile idle scroll 1/2: {'tag': 'DIV', 'cls': 'parent-route-container tmAgOewN route-scroll-container LYhLJEMy', 'scrollTop': 884, 'scrollHeight': 1833, 'clientHeight': 822, 'amount': 884}
[2026-06-08 00:06:29] humanize profile idle scroll 1/2: sleep 6.5s
[2026-06-08 00:06:35] profile idle scroll 2/2: {'tag': 'DIV', 'cls': 'parent-route-container tmAgOewN route-scroll-container LYhLJEMy', 'scrollTop': 1566, 'scrollHeight': 4175, 'clientHeight': 822, 'amount': 682}
[2026-06-08 00:06:35] humanize profile idle scroll 2/2: sleep 4.9s
[2026-06-08 00:06:40] humanize profile idle reading: sleep 8.0s
[2026-06-08 00:06:48] humanize before opening video: sleep 8.1s
[2026-06-08 00:06:52] keep-awake enabled with SetThreadExecutionState
[2026-06-08 00:06:59] humanize video reading: sleep 3.3s
[2026-06-08 00:07:04] video 70 rows=1 status=ok
[2026-06-08 00:07:04] checkpoint wrote Excel rows=70: C:\Users\Junzhang\Desktop\全自动混剪项目升级版\douyin_creator_tracker\outputs\creator_20260607_232705.xlsx
[2026-06-08 00:07:04] collecting profile 1/1 video 71/74: 7628793089351737253
[2026-06-08 00:07:06] profile idle scroll 1/1: {'tag': 'DIV', 'cls': 'parent-route-container tmAgOewN route-scroll-container LYhLJEMy', 'scrollTop': 0, 'scrollHeight': 1833, 'clientHeight': 822, 'amount': -820}
[2026-06-08 00:07:06] humanize profile idle scroll 1/1: sleep 5.4s
[2026-06-08 00:07:12] humanize profile idle reading: sleep 7.4s
[2026-06-08 00:07:19] humanize before opening video: sleep 3.4s
[2026-06-08 00:07:25] humanize video reading: sleep 4.5s
[2026-06-08 00:07:32] video 71 rows=13 status=ok
[2026-06-08 00:07:32] checkpoint wrote Excel rows=83: C:\Users\Junzhang\Desktop\全自动混剪项目升级版\douyin_creator_tracker\outputs\creator_20260607_232705.xlsx
[2026-06-08 00:07:32] collecting profile 1/1 video 72/74: 7628618666411017701
[2026-06-08 00:07:35] profile idle scroll 1/3: {'tag': 'DIV', 'cls': 'parent-route-container tmAgOewN route-scroll-container LYhLJEMy', 'scrollTop': 780, 'scrollHeight': 2614, 'clientHeight': 822, 'amount': 780}
[2026-06-08 00:07:35] humanize profile idle scroll 1/3: sleep 3.8s
[2026-06-08 00:07:37] keep-awake enabled with SetThreadExecutionState
[2026-06-08 00:07:39] profile idle scroll 2/3: {'tag': 'DIV', 'cls': 'parent-route-container tmAgOewN route-scroll-container LYhLJEMy', 'scrollTop': 1658, 'scrollHeight': 4175, 'clientHeight': 822, 'amount': 878}
[2026-06-08 00:07:39] humanize profile idle scroll 2/3: sleep 7.0s
[2026-06-08 00:07:46] profile idle scroll 3/3: {'tag': 'DIV', 'cls': 'parent-route-container tmAgOewN route-scroll-container LYhLJEMy', 'scrollTop': 2533, 'scrollHeight': 4175, 'clientHeight': 822, 'amount': 875}
[2026-06-08 00:07:46] humanize profile idle scroll 3/3: sleep 6.6s
[2026-06-08 00:07:53] humanize before opening video: sleep 8.0s
[2026-06-08 00:08:03] humanize video reading: sleep 4.7s
[2026-06-08 00:08:12] video 72 rows=1 status=partial_product_not_exposed
[2026-06-08 00:08:12] checkpoint wrote Excel rows=84: C:\Users\Junzhang\Desktop\全自动混剪项目升级版\douyin_creator_tracker\outputs\creator_20260607_232705.xlsx
[2026-06-08 00:08:12] collecting profile 1/1 video 73/74: 7628618559601512955
[2026-06-08 00:08:15] profile idle scroll 1/3: {'tag': 'DIV', 'cls': 'parent-route-container tmAgOewN route-scroll-container LYhLJEMy', 'scrollTop': 863, 'scrollHeight': 1833, 'clientHeight': 822, 'amount': 863}
[2026-06-08 00:08:15] humanize profile idle scroll 1/3: sleep 7.3s
[2026-06-08 00:08:22] keep-awake enabled with SetThreadExecutionState
[2026-06-08 00:08:22] profile idle scroll 2/3: {'tag': 'DIV', 'cls': 'parent-route-container tmAgOewN route-scroll-container LYhLJEMy', 'scrollTop': 0, 'scrollHeight': 3395, 'clientHeight': 822, 'amount': -871}
[2026-06-08 00:08:22] humanize profile idle scroll 2/3: sleep 7.6s
[2026-06-08 00:08:30] profile idle scroll 3/3: {'tag': 'DIV', 'cls': 'parent-route-container tmAgOewN route-scroll-container LYhLJEMy', 'scrollTop': 942, 'scrollHeight': 3395, 'clientHeight': 822, 'amount': 942}
[2026-06-08 00:08:30] humanize profile idle scroll 3/3: sleep 3.9s
[2026-06-08 00:08:34] humanize profile idle reading: sleep 7.1s
[2026-06-08 00:08:41] humanize before opening video: sleep 6.7s
[2026-06-08 00:08:50] humanize video reading: sleep 4.1s
[2026-06-08 00:08:56] video 73 rows=1 status=ok
[2026-06-08 00:08:56] checkpoint wrote Excel rows=85: C:\Users\Junzhang\Desktop\全自动混剪项目升级版\douyin_creator_tracker\outputs\creator_20260607_232705.xlsx
[2026-06-08 00:08:56] collecting profile 1/1 video 74/74: 7628618450713898225
[2026-06-08 00:08:59] profile idle scroll 1/1: {'tag': 'DIV', 'cls': 'parent-route-container tmAgOewN route-scroll-container LYhLJEMy', 'scrollTop': 0, 'scrollHeight': 1833, 'clientHeight': 822, 'amount': -661}
[2026-06-08 00:08:59] humanize profile idle scroll 1/1: sleep 5.3s
[2026-06-08 00:09:04] humanize profile idle reading: sleep 5.1s
[2026-06-08 00:09:07] keep-awake enabled with SetThreadExecutionState
[2026-06-08 00:09:09] humanize before opening video: sleep 5.5s
[2026-06-08 00:09:17] humanize video reading: sleep 4.7s
[2026-06-08 00:09:23] video 74 rows=1 status=partial_product_not_exposed
[2026-06-08 00:09:23] checkpoint wrote Excel rows=86: C:\Users\Junzhang\Desktop\全自动混剪项目升级版\douyin_creator_tracker\outputs\creator_20260607_232705.xlsx
[2026-06-08 00:09:23] wrote Excel: C:\Users\Junzhang\Desktop\全自动混剪项目升级版\douyin_creator_tracker\outputs\creator_20260607_232705.xlsx
[2026-06-08 00:09:23] done rows=86
[2026-06-08 00:09:23] keep-awake cleared
